09/05/2024 19:03:14.314 [[32minfo[39m]: host name read successfully
09/05/2024 19:03:15.154 [[32minfo[39m]: host name read successfully
09/05/2024 19:03:15.383 [[32minfo[39m]: host name read successfully
09/05/2024 19:03:15.573 [[32minfo[39m]: host name read successfully
09/05/2024 19:03:15.743 [[32minfo[39m]: host name read successfully
09/05/2024 19:03:15.935 [[32minfo[39m]: host name read successfully
09/05/2024 19:03:16.124 [[32minfo[39m]: host name read successfully
09/05/2024 19:03:16.361 [[32minfo[39m]: host name read successfully
09/05/2024 19:04:00.815 [[32minfo[39m]: host name read successfully
09/05/2024 19:04:01.528 [[32minfo[39m]: host name read successfully
09/05/2024 19:05:47.922 [[32minfo[39m]: host name read successfully
09/05/2024 19:05:48.965 [[32minfo[39m]: host name read successfully
09/05/2024 19:05:49.805 [[32minfo[39m]: host name read successfully
09/05/2024 19:05:50.663 [[32minfo[39m]: host name read successfully
09/05/2024 19:06:29.401 [[32minfo[39m]: host name read successfully
09/05/2024 19:06:30.419 [[32minfo[39m]: host name read successfully
09/05/2024 19:06:31.727 [[32minfo[39m]: host name read successfully
09/05/2024 19:06:34.976 [[32minfo[39m]: host name read successfully
09/05/2024 19:06:36.285 [[32minfo[39m]: host name read successfully
09/05/2024 19:06:52.991 [[32minfo[39m]: successfully found clients
09/05/2024 19:06:52.993 [[31merror[39m]: path: src/controllers/client/findByIdClientesController.js message: Do not know how to serialize a BigInt
09/05/2024 19:06:53.531 [[32minfo[39m]: successfully found clients
09/05/2024 19:06:53.531 [[31merror[39m]: path: src/controllers/client/findByIdClientesController.js message: Do not know how to serialize a BigInt
09/05/2024 19:06:53.818 [[32minfo[39m]: successfully found clients
09/05/2024 19:06:53.818 [[31merror[39m]: path: src/controllers/client/findByIdClientesController.js message: Do not know how to serialize a BigInt
09/05/2024 19:06:54.064 [[32minfo[39m]: successfully found clients
09/05/2024 19:06:54.064 [[31merror[39m]: path: src/controllers/client/findByIdClientesController.js message: Do not know how to serialize a BigInt
09/05/2024 19:06:54.291 [[32minfo[39m]: successfully found clients
09/05/2024 19:06:54.291 [[31merror[39m]: path: src/controllers/client/findByIdClientesController.js message: Do not know how to serialize a BigInt
09/05/2024 19:06:54.545 [[32minfo[39m]: successfully found clients
09/05/2024 19:06:54.546 [[31merror[39m]: path: src/controllers/client/findByIdClientesController.js message: Do not know how to serialize a BigInt
09/05/2024 19:06:55.748 [[32minfo[39m]: successfully found clients
09/05/2024 19:06:55.749 [[31merror[39m]: path: src/controllers/client/findByIdClientesController.js message: Do not know how to serialize a BigInt
09/05/2024 19:06:56.083 [[32minfo[39m]: successfully found clients
09/05/2024 19:06:56.083 [[31merror[39m]: path: src/controllers/client/findByIdClientesController.js message: Do not know how to serialize a BigInt
09/05/2024 19:06:56.318 [[32minfo[39m]: successfully found clients
09/05/2024 19:06:56.319 [[31merror[39m]: path: src/controllers/client/findByIdClientesController.js message: Do not know how to serialize a BigInt
09/05/2024 19:06:56.553 [[32minfo[39m]: successfully found clients
09/05/2024 19:06:56.554 [[31merror[39m]: path: src/controllers/client/findByIdClientesController.js message: Do not know how to serialize a BigInt
09/05/2024 19:06:56.761 [[32minfo[39m]: successfully found clients
09/05/2024 19:06:56.761 [[31merror[39m]: path: src/controllers/client/findByIdClientesController.js message: Do not know how to serialize a BigInt
09/05/2024 19:06:56.970 [[32minfo[39m]: successfully found clients
09/05/2024 19:06:56.971 [[31merror[39m]: path: src/controllers/client/findByIdClientesController.js message: Do not know how to serialize a BigInt
09/05/2024 19:06:57.151 [[32minfo[39m]: successfully found clients
09/05/2024 19:06:57.153 [[31merror[39m]: path: src/controllers/client/findByIdClientesController.js message: Do not know how to serialize a BigInt
09/05/2024 19:06:57.335 [[32minfo[39m]: successfully found clients
09/05/2024 19:06:57.335 [[31merror[39m]: path: src/controllers/client/findByIdClientesController.js message: Do not know how to serialize a BigInt
09/05/2024 19:06:58.700 [[32minfo[39m]: successfully found clients
09/05/2024 19:06:58.701 [[31merror[39m]: path: src/controllers/client/findByIdClientesController.js message: Do not know how to serialize a BigInt
09/05/2024 19:07:53.418 [[32minfo[39m]: successfully found clients
09/05/2024 19:07:53.421 [[31merror[39m]: path: src/controllers/client/findByIdClientesController.js message: Do not know how to serialize a BigInt
09/05/2024 19:11:07.832 [[32minfo[39m]: successfully found clients
09/05/2024 19:11:07.834 [[31merror[39m]: path: src/controllers/client/findByIdClientesController.js message: Do not know how to serialize a BigInt
09/05/2024 19:11:08.619 [[32minfo[39m]: successfully found clients
09/05/2024 19:11:08.619 [[31merror[39m]: path: src/controllers/client/findByIdClientesController.js message: Do not know how to serialize a BigInt
09/05/2024 19:11:09.322 [[32minfo[39m]: successfully found clients
09/05/2024 19:11:09.323 [[31merror[39m]: path: src/controllers/client/findByIdClientesController.js message: Do not know how to serialize a BigInt
09/05/2024 19:11:09.871 [[32minfo[39m]: successfully found clients
09/05/2024 19:11:09.871 [[31merror[39m]: path: src/controllers/client/findByIdClientesController.js message: Do not know how to serialize a BigInt
09/05/2024 19:11:10.699 [[32minfo[39m]: successfully found clients
09/05/2024 19:11:10.700 [[31merror[39m]: path: src/controllers/client/findByIdClientesController.js message: Do not know how to serialize a BigInt
09/05/2024 19:11:13.689 [[32minfo[39m]: successfully found clients
09/05/2024 19:11:14.675 [[32minfo[39m]: successfully found clients
09/05/2024 19:11:15.899 [[32minfo[39m]: successfully found clients
09/05/2024 19:11:16.522 [[32minfo[39m]: successfully found clients
09/05/2024 19:11:16.876 [[32minfo[39m]: successfully found clients
09/05/2024 19:11:17.167 [[32minfo[39m]: successfully found clients
09/05/2024 19:11:17.413 [[32minfo[39m]: successfully found clients
09/05/2024 19:12:22.985 [[32minfo[39m]: successfully found clients
22/05/2024 12:10:30.950 [[32minfo[39m]: successfully found clients
22/05/2024 12:13:34.638 [[32minfo[39m]: successfully found clients
22/05/2024 12:54:03.943 [[32minfo[39m]: successfully found clients
22/05/2024 13:05:11.456 [[32minfo[39m]: successfully found clients
22/05/2024 13:06:57.766 [[32minfo[39m]: successfully found clients
22/05/2024 13:07:31.698 [[32minfo[39m]: successfully found clients
22/05/2024 13:08:07.780 [[32minfo[39m]: successfully found client
22/05/2024 13:08:07.781 [[31merror[39m]: path: src/controllers/client/findUniqueClientesController.js message: Do not know how to serialize a BigInt
22/05/2024 13:09:07.894 [[32minfo[39m]: successfully found client
22/05/2024 13:25:52.152 [[32minfo[39m]: successfully found client
22/05/2024 13:26:12.999 [[32minfo[39m]: successfully found client
22/05/2024 13:27:16.419 [[32minfo[39m]: successfully found client
22/05/2024 13:27:45.693 [[32minfo[39m]: successfully found client
22/05/2024 13:30:06.830 [[32minfo[39m]: successfully found client
22/05/2024 13:30:08.178 [[32minfo[39m]: successfully found client
22/05/2024 13:31:06.051 [[32minfo[39m]: successfully found client
22/05/2024 13:33:05.777 [[32minfo[39m]: successfully found client
22/05/2024 13:33:07.022 [[32minfo[39m]: successfully found client
22/05/2024 13:35:31.394 [[32minfo[39m]: declined not found client
22/05/2024 13:37:27.392 [[32minfo[39m]: successfully found client
22/05/2024 13:37:30.735 [[32minfo[39m]: declined not found client
22/05/2024 13:37:57.138 [[32minfo[39m]: successfully found client
22/05/2024 13:44:52.002 [[32minfo[39m]: successfully found client
22/05/2024 13:46:51.710 [[32minfo[39m]: declined not found client
22/05/2024 13:46:54.329 [[32minfo[39m]: declined not found client
22/05/2024 13:47:00.704 [[32minfo[39m]: successfully found client
22/05/2024 13:47:04.805 [[32minfo[39m]: successfully found clients
22/05/2024 13:47:21.769 [[32minfo[39m]: successfully found client
23/05/2024 23:56:34.277 [[32minfo[39m]: successfully found clients
23/05/2024 23:56:34.297 [[32minfo[39m]: successfully found clients
23/05/2024 23:56:45.313 [[32minfo[39m]: successfully found clients
23/05/2024 23:56:45.599 [[32minfo[39m]: successfully found clients
23/05/2024 23:56:55.404 [[32minfo[39m]: successfully found clients
23/05/2024 23:56:55.612 [[32minfo[39m]: successfully found clients
23/05/2024 23:57:44.813 [[32minfo[39m]: successfully found clients
23/05/2024 23:57:45.003 [[32minfo[39m]: successfully found clients
23/05/2024 23:58:08.171 [[32minfo[39m]: successfully found clients
23/05/2024 23:58:08.500 [[32minfo[39m]: successfully found clients
23/05/2024 23:58:08.771 [[32minfo[39m]: successfully found clients
23/05/2024 23:58:09.120 [[32minfo[39m]: successfully found clients
24/05/2024 00:00:30.197 [[32minfo[39m]: successfully found clients
24/05/2024 00:00:30.482 [[32minfo[39m]: successfully found clients
24/05/2024 00:00:30.772 [[32minfo[39m]: successfully found clients
24/05/2024 00:00:31.113 [[32minfo[39m]: successfully found clients
24/05/2024 00:00:31.414 [[32minfo[39m]: successfully found clients
24/05/2024 00:00:31.667 [[32minfo[39m]: successfully found clients
24/05/2024 00:00:32.030 [[32minfo[39m]: successfully found clients
24/05/2024 00:00:32.253 [[32minfo[39m]: successfully found clients
24/05/2024 00:02:28.356 [[32minfo[39m]: successfully found clients
24/05/2024 00:02:28.697 [[32minfo[39m]: successfully found clients
24/05/2024 00:02:28.913 [[32minfo[39m]: successfully found clients
24/05/2024 00:02:29.151 [[32minfo[39m]: successfully found clients
24/05/2024 00:02:29.406 [[32minfo[39m]: successfully found clients
24/05/2024 00:02:29.620 [[32minfo[39m]: successfully found clients
24/05/2024 00:02:29.879 [[32minfo[39m]: successfully found clients
24/05/2024 00:02:30.131 [[32minfo[39m]: successfully found clients
24/05/2024 00:02:37.655 [[32minfo[39m]: successfully found clients
24/05/2024 00:02:37.923 [[32minfo[39m]: successfully found clients
24/05/2024 00:02:38.195 [[32minfo[39m]: successfully found clients
24/05/2024 00:02:38.515 [[32minfo[39m]: successfully found clients
24/05/2024 00:02:38.778 [[32minfo[39m]: successfully found clients
24/05/2024 00:02:38.983 [[32minfo[39m]: successfully found clients
24/05/2024 00:02:39.189 [[32minfo[39m]: successfully found clients
24/05/2024 00:02:39.410 [[32minfo[39m]: successfully found clients
24/05/2024 00:02:45.788 [[32minfo[39m]: successfully found clients
24/05/2024 00:02:46.061 [[32minfo[39m]: successfully found clients
24/05/2024 00:02:46.358 [[32minfo[39m]: successfully found clients
24/05/2024 00:02:46.720 [[32minfo[39m]: successfully found clients
24/05/2024 00:02:47.038 [[32minfo[39m]: successfully found clients
24/05/2024 00:02:47.350 [[32minfo[39m]: successfully found clients
24/05/2024 00:03:02.121 [[32minfo[39m]: successfully found clients
24/05/2024 00:03:02.341 [[32minfo[39m]: successfully found clients
24/05/2024 00:03:18.564 [[32minfo[39m]: successfully found client
24/05/2024 00:03:19.042 [[32minfo[39m]: successfully found client
24/05/2024 00:04:47.078 [[32minfo[39m]: declined not found client
24/05/2024 00:04:51.779 [[32minfo[39m]: declined not found client
24/05/2024 00:04:51.779 [[32minfo[39m]: declined not found client
24/05/2024 00:05:26.254 [[32minfo[39m]: declined not found client
24/05/2024 00:05:26.255 [[32minfo[39m]: declined not found client
24/05/2024 00:06:05.850 [[32minfo[39m]: declined not found client
24/05/2024 00:06:05.852 [[32minfo[39m]: declined not found client
24/05/2024 00:06:28.108 [[32minfo[39m]: declined not found client
24/05/2024 00:06:28.110 [[32minfo[39m]: declined not found client
24/05/2024 00:06:28.111 [[32minfo[39m]: declined not found client
24/05/2024 00:06:28.113 [[32minfo[39m]: declined not found client
24/05/2024 00:17:42.630 [[32minfo[39m]: declined not found client
24/05/2024 00:17:42.631 [[32minfo[39m]: declined not found client
24/05/2024 00:18:39.878 [[32minfo[39m]: declined not found client
24/05/2024 00:18:39.879 [[32minfo[39m]: declined not found client
24/05/2024 00:19:22.881 [[32minfo[39m]: declined not found client
24/05/2024 00:19:22.883 [[32minfo[39m]: declined not found client
24/05/2024 00:19:22.885 [[32minfo[39m]: declined not found client
24/05/2024 00:19:22.889 [[32minfo[39m]: declined not found client
24/05/2024 00:19:27.146 [[32minfo[39m]: declined not found client
24/05/2024 00:19:27.147 [[32minfo[39m]: declined not found client
24/05/2024 00:20:01.644 [[32minfo[39m]: declined not found client
24/05/2024 00:20:01.646 [[32minfo[39m]: declined not found client
24/05/2024 00:20:04.865 [[32minfo[39m]: declined not found client
24/05/2024 00:20:04.866 [[32minfo[39m]: declined not found client
24/05/2024 00:20:10.882 [[32minfo[39m]: declined not found client
24/05/2024 00:21:06.913 [[32minfo[39m]: declined not found client
24/05/2024 00:21:35.226 [[32minfo[39m]: successfully found client
24/05/2024 00:21:38.556 [[32minfo[39m]: successfully found client
24/05/2024 00:21:38.557 [[32minfo[39m]: successfully found client
24/05/2024 00:21:42.554 [[32minfo[39m]: successfully found client
24/05/2024 00:21:42.555 [[32minfo[39m]: successfully found client
24/05/2024 00:27:56.345 [[32minfo[39m]: successfully found client
24/05/2024 00:27:56.346 [[32minfo[39m]: successfully found client
24/05/2024 00:29:06.061 [[32minfo[39m]: successfully found client
24/05/2024 00:29:06.234 [[32minfo[39m]: successfully found client
24/05/2024 00:29:13.287 [[32minfo[39m]: successfully found client
24/05/2024 00:29:13.288 [[32minfo[39m]: successfully found client
24/05/2024 00:29:22.846 [[32minfo[39m]: successfully found client
24/05/2024 00:29:22.846 [[32minfo[39m]: successfully found client
24/05/2024 00:29:23.935 [[32minfo[39m]: successfully found client
24/05/2024 00:29:23.936 [[32minfo[39m]: successfully found client
24/05/2024 00:29:24.403 [[32minfo[39m]: successfully found client
24/05/2024 00:29:24.405 [[32minfo[39m]: successfully found client
24/05/2024 00:29:30.076 [[32minfo[39m]: successfully found client
24/05/2024 00:29:30.077 [[32minfo[39m]: successfully found client
24/05/2024 00:29:35.881 [[32minfo[39m]: successfully found client
24/05/2024 00:29:35.881 [[32minfo[39m]: successfully found client
24/05/2024 00:30:56.906 [[32minfo[39m]: successfully found clients
24/05/2024 00:30:56.922 [[32minfo[39m]: successfully found clients
24/05/2024 00:30:59.986 [[32minfo[39m]: successfully found clients
24/05/2024 00:31:00.255 [[32minfo[39m]: successfully found clients
24/05/2024 00:32:10.889 [[32minfo[39m]: successfully found clients
24/05/2024 00:32:11.176 [[32minfo[39m]: successfully found clients
24/05/2024 00:33:25.438 [[32minfo[39m]: successfully found clients
24/05/2024 00:33:25.664 [[32minfo[39m]: successfully found clients
24/05/2024 00:38:01.071 [[32minfo[39m]: declined not found client
24/05/2024 00:38:01.072 [[32minfo[39m]: declined not found client
24/05/2024 00:38:11.283 [[32minfo[39m]: successfully found clients
24/05/2024 00:38:16.350 [[32minfo[39m]: successfully found clients
24/05/2024 00:38:28.409 [[32minfo[39m]: successfully found clients
24/05/2024 00:38:28.616 [[32minfo[39m]: successfully found clients
24/05/2024 00:39:17.715 [[32minfo[39m]: successfully found clients
24/05/2024 00:39:30.697 [[32minfo[39m]: successfully found clients
24/05/2024 00:39:30.991 [[32minfo[39m]: successfully found clients
24/05/2024 00:39:33.263 [[32minfo[39m]: successfully found clients
24/05/2024 00:39:33.465 [[32minfo[39m]: successfully found clients
24/05/2024 00:40:20.189 [[32minfo[39m]: successfully found clients
24/05/2024 11:25:23.845 [[32minfo[39m]: successfully found clients
24/05/2024 11:25:24.063 [[32minfo[39m]: successfully found clients
24/05/2024 11:27:23.520 [[32minfo[39m]: successfully found client
24/05/2024 11:27:23.523 [[32minfo[39m]: successfully found client
24/05/2024 11:28:03.390 [[32minfo[39m]: successfully found client
24/05/2024 11:28:03.436 [[32minfo[39m]: successfully found client
24/05/2024 11:28:10.936 [[32minfo[39m]: successfully found client
24/05/2024 11:28:10.937 [[32minfo[39m]: successfully found client
24/05/2024 11:30:18.220 [[32minfo[39m]: successfully found client
24/05/2024 11:30:18.266 [[32minfo[39m]: successfully found client
24/05/2024 11:31:10.527 [[32minfo[39m]: successfully found client
24/05/2024 11:31:12.507 [[32minfo[39m]: successfully found client
24/05/2024 11:31:12.569 [[32minfo[39m]: successfully found client
24/05/2024 11:31:14.296 [[32minfo[39m]: successfully found client
24/05/2024 11:31:14.297 [[32minfo[39m]: successfully found client
24/05/2024 11:31:37.376 [[32minfo[39m]: successfully found client
24/05/2024 11:31:37.538 [[32minfo[39m]: successfully found client
24/05/2024 11:31:39.173 [[32minfo[39m]: successfully found client
24/05/2024 11:31:39.174 [[32minfo[39m]: successfully found client
24/05/2024 11:31:55.089 [[32minfo[39m]: successfully found client
24/05/2024 11:32:03.183 [[32minfo[39m]: successfully found client
24/05/2024 11:32:18.575 [[32minfo[39m]: successfully found client
24/05/2024 11:32:18.733 [[32minfo[39m]: successfully found client
24/05/2024 11:32:49.259 [[32minfo[39m]: successfully found client
24/05/2024 11:32:52.947 [[32minfo[39m]: successfully found client
24/05/2024 11:32:53.040 [[32minfo[39m]: successfully found client
24/05/2024 11:33:23.410 [[32minfo[39m]: successfully found client
24/05/2024 11:33:23.457 [[32minfo[39m]: successfully found client
24/05/2024 11:33:26.241 [[32minfo[39m]: successfully found client
24/05/2024 11:33:26.242 [[32minfo[39m]: successfully found client
24/05/2024 11:33:37.443 [[32minfo[39m]: successfully found client
24/05/2024 11:33:39.559 [[32minfo[39m]: successfully found client
24/05/2024 11:33:39.623 [[32minfo[39m]: successfully found client
24/05/2024 11:34:59.888 [[32minfo[39m]: successfully found client
24/05/2024 11:34:59.890 [[32minfo[39m]: successfully found client
24/05/2024 11:48:15.129 [[32minfo[39m]: successfully found client
24/05/2024 11:48:15.131 [[32minfo[39m]: successfully found client
24/05/2024 11:48:16.035 [[32minfo[39m]: successfully found client
24/05/2024 11:48:16.036 [[32minfo[39m]: successfully found client
24/05/2024 11:48:35.909 [[32minfo[39m]: successfully found client
24/05/2024 11:48:35.956 [[32minfo[39m]: successfully found client
24/05/2024 11:49:00.890 [[32minfo[39m]: successfully found client
24/05/2024 11:49:00.891 [[32minfo[39m]: successfully found client
24/05/2024 11:49:29.520 [[32minfo[39m]: successfully found client
24/05/2024 11:49:29.521 [[32minfo[39m]: successfully found client
24/05/2024 11:49:51.221 [[32minfo[39m]: successfully found client
24/05/2024 11:49:51.222 [[32minfo[39m]: successfully found client
24/05/2024 11:49:55.127 [[32minfo[39m]: successfully found client
24/05/2024 11:49:55.128 [[32minfo[39m]: successfully found client
24/05/2024 11:51:03.600 [[32minfo[39m]: successfully found client
24/05/2024 11:51:03.601 [[32minfo[39m]: successfully found client
24/05/2024 11:51:08.054 [[32minfo[39m]: successfully found client
24/05/2024 11:51:08.055 [[32minfo[39m]: successfully found client
24/05/2024 11:51:13.053 [[32minfo[39m]: successfully found client
24/05/2024 11:51:13.054 [[32minfo[39m]: successfully found client
24/05/2024 11:51:17.358 [[32minfo[39m]: successfully found client
24/05/2024 11:51:17.359 [[32minfo[39m]: successfully found client
24/05/2024 11:52:09.865 [[32minfo[39m]: successfully found client
24/05/2024 11:52:10.038 [[32minfo[39m]: successfully found client
24/05/2024 11:52:11.495 [[32minfo[39m]: successfully found client
24/05/2024 11:52:11.496 [[32minfo[39m]: successfully found client
24/05/2024 11:52:39.184 [[32minfo[39m]: successfully found clients
24/05/2024 11:52:39.406 [[32minfo[39m]: successfully found clients
24/05/2024 11:52:39.785 [[32minfo[39m]: successfully found clients
24/05/2024 11:52:39.992 [[32minfo[39m]: successfully found clients
24/05/2024 11:53:16.771 [[32minfo[39m]: successfully found clients
24/05/2024 11:53:17.008 [[32minfo[39m]: successfully found clients
24/05/2024 11:53:46.711 [[32minfo[39m]: successfully found clients
24/05/2024 11:53:46.995 [[32minfo[39m]: successfully found clients
24/05/2024 11:53:58.102 [[32minfo[39m]: successfully found clients
24/05/2024 11:53:58.305 [[32minfo[39m]: successfully found clients
24/05/2024 11:54:17.516 [[32minfo[39m]: successfully found clients
24/05/2024 11:54:17.813 [[32minfo[39m]: successfully found clients
24/05/2024 11:54:18.122 [[32minfo[39m]: successfully found clients
24/05/2024 11:54:33.870 [[32minfo[39m]: successfully found clients
24/05/2024 11:54:34.470 [[32minfo[39m]: successfully found clients
24/05/2024 11:54:35.180 [[32minfo[39m]: successfully found clients
24/05/2024 11:54:35.525 [[32minfo[39m]: successfully found clients
24/05/2024 11:55:53.293 [[32minfo[39m]: successfully found clients
24/05/2024 11:56:04.817 [[32minfo[39m]: successfully found client
24/05/2024 11:58:04.790 [[32minfo[39m]: successfully found clients
24/05/2024 11:58:04.990 [[32minfo[39m]: successfully found clients
24/05/2024 11:58:10.903 [[32minfo[39m]: successfully found clients
24/05/2024 11:58:11.265 [[32minfo[39m]: successfully found clients
24/05/2024 11:58:18.256 [[32minfo[39m]: successfully found clients
24/05/2024 11:58:18.461 [[32minfo[39m]: successfully found clients
24/05/2024 11:58:55.698 [[32minfo[39m]: successfully found clients
24/05/2024 11:58:56.022 [[32minfo[39m]: successfully found clients
24/05/2024 12:00:46.219 [[32minfo[39m]: successfully found clients
24/05/2024 12:00:46.565 [[32minfo[39m]: successfully found clients
24/05/2024 12:00:46.940 [[32minfo[39m]: successfully found clients
24/05/2024 12:00:54.203 [[32minfo[39m]: successfully found clients
24/05/2024 12:00:54.501 [[32minfo[39m]: successfully found clients
24/05/2024 12:00:56.628 [[32minfo[39m]: successfully found clients
24/05/2024 12:00:56.943 [[32minfo[39m]: successfully found clients
24/05/2024 12:05:18.740 [[32minfo[39m]: successfully found clients
24/05/2024 12:05:18.944 [[32minfo[39m]: successfully found clients
24/05/2024 12:05:19.581 [[32minfo[39m]: successfully found clients
24/05/2024 12:05:19.799 [[32minfo[39m]: successfully found clients
24/05/2024 12:05:26.538 [[32minfo[39m]: successfully found client
24/05/2024 12:05:42.192 [[32minfo[39m]: successfully found client
24/05/2024 12:05:42.958 [[32minfo[39m]: successfully found client
24/05/2024 12:17:17.751 [[32minfo[39m]: successfully found clients
24/05/2024 12:17:17.752 [[31merror[39m]: path: src/controllers/client/findManyClientesController.js message: Do not know how to serialize a BigInt
24/05/2024 12:17:18.092 [[32minfo[39m]: successfully found clients
24/05/2024 12:17:18.093 [[31merror[39m]: path: src/controllers/client/findManyClientesController.js message: Do not know how to serialize a BigInt
24/05/2024 12:17:30.009 [[32minfo[39m]: successfully found clients
24/05/2024 12:17:30.010 [[32minfo[39m]: successfully found clients
24/05/2024 12:17:30.011 [[31merror[39m]: path: src/controllers/client/findManyClientesController.js message: Do not know how to serialize a BigInt
24/05/2024 12:17:30.012 [[31merror[39m]: path: src/controllers/client/findManyClientesController.js message: Do not know how to serialize a BigInt
24/05/2024 12:17:30.522 [[32minfo[39m]: successfully found clients
24/05/2024 12:17:30.523 [[32minfo[39m]: successfully found clients
24/05/2024 12:17:30.523 [[31merror[39m]: path: src/controllers/client/findManyClientesController.js message: Do not know how to serialize a BigInt
24/05/2024 12:17:30.524 [[31merror[39m]: path: src/controllers/client/findManyClientesController.js message: Do not know how to serialize a BigInt
24/05/2024 12:20:40.257 [[32minfo[39m]: successfully found clients
24/05/2024 12:20:40.258 [[31merror[39m]: path: src/controllers/client/findManyClientesController.js message: Do not know how to serialize a BigInt
24/05/2024 12:20:40.555 [[32minfo[39m]: successfully found clients
24/05/2024 12:20:40.556 [[31merror[39m]: path: src/controllers/client/findManyClientesController.js message: Do not know how to serialize a BigInt
24/05/2024 12:20:52.638 [[32minfo[39m]: successfully found clients
24/05/2024 12:20:52.638 [[32minfo[39m]: successfully found clients
24/05/2024 12:20:52.639 [[31merror[39m]: path: src/controllers/client/findManyClientesController.js message: Do not know how to serialize a BigInt
24/05/2024 12:20:52.639 [[31merror[39m]: path: src/controllers/client/findManyClientesController.js message: Do not know how to serialize a BigInt
24/05/2024 12:20:58.259 [[32minfo[39m]: successfully found clients
24/05/2024 12:20:58.260 [[32minfo[39m]: successfully found clients
24/05/2024 12:20:58.260 [[31merror[39m]: path: src/controllers/client/findManyClientesController.js message: Do not know how to serialize a BigInt
24/05/2024 12:20:58.261 [[31merror[39m]: path: src/controllers/client/findManyClientesController.js message: Do not know how to serialize a BigInt
24/05/2024 12:21:10.630 [[32minfo[39m]: successfully found clients
24/05/2024 12:21:10.631 [[32minfo[39m]: successfully found clients
24/05/2024 12:21:10.631 [[31merror[39m]: path: src/controllers/client/findManyClientesController.js message: Do not know how to serialize a BigInt
24/05/2024 12:21:10.633 [[31merror[39m]: path: src/controllers/client/findManyClientesController.js message: Do not know how to serialize a BigInt
24/05/2024 12:22:47.202 [[32minfo[39m]: successfully found client
24/05/2024 12:22:47.204 [[32minfo[39m]: successfully found client
24/05/2024 12:22:55.523 [[32minfo[39m]: successfully found client
24/05/2024 12:22:58.606 [[32minfo[39m]: successfully found client
24/05/2024 12:22:58.608 [[32minfo[39m]: successfully found client
24/05/2024 12:23:00.863 [[32minfo[39m]: successfully found client
24/05/2024 12:23:00.864 [[32minfo[39m]: successfully found client
24/05/2024 12:29:55.384 [[32minfo[39m]: successfully found clients
24/05/2024 12:29:55.384 [[32minfo[39m]: successfully found clients
24/05/2024 12:29:55.385 [[31merror[39m]: path: src/controllers/client/findManyClientesController.js message: Do not know how to serialize a BigInt
24/05/2024 12:29:55.386 [[31merror[39m]: path: src/controllers/client/findManyClientesController.js message: Do not know how to serialize a BigInt
24/05/2024 12:30:03.222 [[32minfo[39m]: successfully found clients
24/05/2024 12:30:03.223 [[31merror[39m]: path: src/controllers/client/findManyClientesController.js message: Do not know how to serialize a BigInt
24/05/2024 12:30:06.037 [[32minfo[39m]: successfully found clients
24/05/2024 12:30:06.037 [[32minfo[39m]: successfully found clients
24/05/2024 12:30:06.037 [[31merror[39m]: path: src/controllers/client/findManyClientesController.js message: Do not know how to serialize a BigInt
24/05/2024 12:30:06.038 [[31merror[39m]: path: src/controllers/client/findManyClientesController.js message: Do not know how to serialize a BigInt
24/05/2024 12:30:20.487 [[32minfo[39m]: successfully found clients
24/05/2024 12:30:20.488 [[31merror[39m]: path: src/controllers/client/findManyClientesController.js message: Do not know how to serialize a BigInt
24/05/2024 12:30:23.576 [[32minfo[39m]: successfully found clients
24/05/2024 12:30:23.577 [[31merror[39m]: path: src/controllers/client/findManyClientesController.js message: Do not know how to serialize a BigInt
24/05/2024 12:30:33.737 [[32minfo[39m]: successfully found clients
24/05/2024 12:30:33.737 [[31merror[39m]: path: src/controllers/client/findManyClientesController.js message: Do not know how to serialize a BigInt
24/05/2024 12:30:35.178 [[32minfo[39m]: successfully found clients
24/05/2024 12:30:35.179 [[32minfo[39m]: successfully found clients
24/05/2024 12:30:35.179 [[31merror[39m]: path: src/controllers/client/findManyClientesController.js message: Do not know how to serialize a BigInt
24/05/2024 12:30:35.180 [[31merror[39m]: path: src/controllers/client/findManyClientesController.js message: Do not know how to serialize a BigInt
24/05/2024 12:30:43.395 [[32minfo[39m]: successfully found clients
24/05/2024 12:30:43.396 [[31merror[39m]: path: src/controllers/client/findManyClientesController.js message: Do not know how to serialize a BigInt
24/05/2024 12:30:45.246 [[32minfo[39m]: successfully found clients
24/05/2024 12:30:45.246 [[32minfo[39m]: successfully found clients
24/05/2024 12:30:45.247 [[31merror[39m]: path: src/controllers/client/findManyClientesController.js message: Do not know how to serialize a BigInt
24/05/2024 12:30:45.247 [[31merror[39m]: path: src/controllers/client/findManyClientesController.js message: Do not know how to serialize a BigInt
24/05/2024 12:31:02.759 [[32minfo[39m]: successfully found client
24/05/2024 12:31:04.530 [[32minfo[39m]: successfully found client
24/05/2024 12:31:04.578 [[32minfo[39m]: successfully found client
24/05/2024 12:32:27.991 [[32minfo[39m]: successfully found client
24/05/2024 12:32:36.321 [[32minfo[39m]: successfully found client
24/05/2024 12:32:36.322 [[32minfo[39m]: successfully found client
24/05/2024 12:32:45.758 [[32minfo[39m]: successfully found client
24/05/2024 12:32:48.074 [[32minfo[39m]: successfully found client
24/05/2024 12:32:48.074 [[32minfo[39m]: successfully found client
24/05/2024 12:33:18.635 [[32minfo[39m]: successfully found client
24/05/2024 12:33:18.637 [[32minfo[39m]: successfully found client
24/05/2024 12:33:21.631 [[32minfo[39m]: successfully found client
24/05/2024 12:33:21.632 [[32minfo[39m]: successfully found client
24/05/2024 12:35:48.308 [[32minfo[39m]: successfully found client
24/05/2024 12:35:51.398 [[32minfo[39m]: successfully found client
24/05/2024 12:35:53.552 [[32minfo[39m]: successfully found client
24/05/2024 12:35:53.598 [[32minfo[39m]: successfully found client
24/05/2024 12:35:59.577 [[32minfo[39m]: successfully found client
24/05/2024 12:36:03.338 [[32minfo[39m]: successfully found client
24/05/2024 12:36:05.442 [[32minfo[39m]: successfully found client
24/05/2024 12:36:05.488 [[32minfo[39m]: successfully found client
24/05/2024 12:36:11.949 [[32minfo[39m]: successfully found client
24/05/2024 12:36:13.959 [[32minfo[39m]: successfully found client
24/05/2024 12:36:15.967 [[32minfo[39m]: successfully found client
24/05/2024 12:36:19.997 [[32minfo[39m]: successfully found client
24/05/2024 12:36:21.503 [[32minfo[39m]: successfully found client
24/05/2024 12:36:21.675 [[32minfo[39m]: successfully found client
24/05/2024 12:36:32.596 [[32minfo[39m]: successfully found client
24/05/2024 12:36:36.697 [[32minfo[39m]: successfully found client
24/05/2024 12:36:36.761 [[32minfo[39m]: successfully found client
24/05/2024 12:36:48.145 [[32minfo[39m]: successfully found client
24/05/2024 12:36:54.430 [[32minfo[39m]: successfully found client
24/05/2024 12:37:24.180 [[32minfo[39m]: successfully found client
24/05/2024 12:37:28.114 [[32minfo[39m]: successfully found client
24/05/2024 12:37:33.130 [[32minfo[39m]: successfully found client
24/05/2024 12:37:35.219 [[32minfo[39m]: successfully found client
24/05/2024 12:37:36.318 [[32minfo[39m]: successfully found client
24/05/2024 12:37:38.148 [[32minfo[39m]: successfully found client
24/05/2024 12:37:38.308 [[32minfo[39m]: successfully found client
24/05/2024 12:37:55.013 [[32minfo[39m]: successfully found client
24/05/2024 12:37:55.014 [[32minfo[39m]: successfully found client
24/05/2024 12:37:56.710 [[32minfo[39m]: successfully found client
24/05/2024 12:37:56.711 [[32minfo[39m]: successfully found client
24/05/2024 12:38:05.695 [[32minfo[39m]: successfully found client
24/05/2024 12:38:09.172 [[32minfo[39m]: successfully found client
24/05/2024 12:38:11.528 [[32minfo[39m]: successfully found client
24/05/2024 12:38:11.529 [[32minfo[39m]: successfully found client
24/05/2024 12:38:28.068 [[32minfo[39m]: successfully found client
24/05/2024 12:41:39.345 [[32minfo[39m]: successfully found client
24/05/2024 12:41:41.411 [[32minfo[39m]: successfully found client
24/05/2024 12:41:41.412 [[32minfo[39m]: successfully found client
24/05/2024 12:42:09.029 [[32minfo[39m]: successfully found client
24/05/2024 12:42:12.946 [[32minfo[39m]: successfully found client
24/05/2024 12:42:16.248 [[32minfo[39m]: successfully found client
24/05/2024 12:42:28.343 [[32minfo[39m]: successfully found client
24/05/2024 12:42:31.532 [[32minfo[39m]: successfully found client
24/05/2024 12:43:44.299 [[32minfo[39m]: successfully found client
24/05/2024 12:43:48.329 [[32minfo[39m]: successfully found client
24/05/2024 12:44:00.105 [[32minfo[39m]: successfully found client
24/05/2024 12:44:00.276 [[32minfo[39m]: successfully found client
24/05/2024 12:44:11.836 [[32minfo[39m]: successfully found client
24/05/2024 12:44:33.398 [[32minfo[39m]: successfully found client
24/05/2024 12:44:33.462 [[32minfo[39m]: successfully found client
24/05/2024 12:44:45.220 [[32minfo[39m]: successfully found client
24/05/2024 12:44:47.196 [[32minfo[39m]: successfully found client
24/05/2024 12:44:47.197 [[32minfo[39m]: successfully found client
24/05/2024 12:45:02.960 [[32minfo[39m]: successfully found client
24/05/2024 12:45:06.062 [[32minfo[39m]: successfully found client
24/05/2024 12:45:06.063 [[32minfo[39m]: successfully found client
24/05/2024 12:47:01.972 [[32minfo[39m]: successfully found client
24/05/2024 12:47:03.334 [[32minfo[39m]: successfully found client
24/05/2024 12:47:03.335 [[32minfo[39m]: successfully found client
24/05/2024 12:47:05.143 [[32minfo[39m]: successfully found client
24/05/2024 12:47:05.144 [[32minfo[39m]: successfully found client
24/05/2024 12:47:45.424 [[32minfo[39m]: successfully found clients
24/05/2024 12:47:45.424 [[32minfo[39m]: successfully found clients
24/05/2024 12:47:45.425 [[31merror[39m]: path: src/controllers/client/findManyClientesController.js message: Do not know how to serialize a BigInt
24/05/2024 12:47:45.426 [[31merror[39m]: path: src/controllers/client/findManyClientesController.js message: Do not know how to serialize a BigInt
24/05/2024 12:47:57.596 [[32minfo[39m]: successfully found clients
24/05/2024 12:47:57.597 [[31merror[39m]: path: src/controllers/client/findManyClientesController.js message: Do not know how to serialize a BigInt
24/05/2024 12:48:47.915 [[32minfo[39m]: successfully found clients
24/05/2024 12:48:47.915 [[32minfo[39m]: successfully found clients
24/05/2024 12:48:47.916 [[31merror[39m]: path: src/controllers/client/findManyClientesController.js message: Do not know how to serialize a BigInt
24/05/2024 12:48:47.916 [[31merror[39m]: path: src/controllers/client/findManyClientesController.js message: Do not know how to serialize a BigInt
24/05/2024 12:49:00.790 [[32minfo[39m]: successfully found clients
24/05/2024 12:49:00.791 [[31merror[39m]: path: src/controllers/client/findManyClientesController.js message: Do not know how to serialize a BigInt
24/05/2024 12:49:02.027 [[32minfo[39m]: successfully found clients
24/05/2024 12:49:02.028 [[31merror[39m]: path: src/controllers/client/findManyClientesController.js message: Do not know how to serialize a BigInt
24/05/2024 12:49:03.270 [[32minfo[39m]: successfully found clients
24/05/2024 12:49:03.270 [[32minfo[39m]: successfully found clients
24/05/2024 12:49:03.271 [[31merror[39m]: path: src/controllers/client/findManyClientesController.js message: Do not know how to serialize a BigInt
24/05/2024 12:49:03.271 [[31merror[39m]: path: src/controllers/client/findManyClientesController.js message: Do not know how to serialize a BigInt
24/05/2024 12:49:14.993 [[32minfo[39m]: successfully found clients
24/05/2024 12:49:14.994 [[31merror[39m]: path: src/controllers/client/findManyClientesController.js message: Do not know how to serialize a BigInt
24/05/2024 12:49:42.803 [[32minfo[39m]: successfully found clients
24/05/2024 12:49:42.803 [[31merror[39m]: path: src/controllers/client/findManyClientesController.js message: Do not know how to serialize a BigInt
24/05/2024 12:49:54.924 [[32minfo[39m]: successfully found clients
24/05/2024 12:49:54.925 [[31merror[39m]: path: src/controllers/client/findManyClientesController.js message: Do not know how to serialize a BigInt
24/05/2024 12:49:55.920 [[32minfo[39m]: successfully found clients
24/05/2024 12:49:55.921 [[31merror[39m]: path: src/controllers/client/findManyClientesController.js message: Do not know how to serialize a BigInt
24/05/2024 12:50:06.139 [[32minfo[39m]: successfully found clients
24/05/2024 12:50:06.140 [[31merror[39m]: path: src/controllers/client/findManyClientesController.js message: Do not know how to serialize a BigInt
24/05/2024 12:50:21.167 [[32minfo[39m]: successfully found clients
24/05/2024 12:50:21.167 [[31merror[39m]: path: src/controllers/client/findManyClientesController.js message: Do not know how to serialize a BigInt
24/05/2024 12:51:35.604 [[32minfo[39m]: successfully found clients
24/05/2024 12:51:35.623 [[32minfo[39m]: successfully found clients
24/05/2024 12:51:47.011 [[32minfo[39m]: successfully found clients
24/05/2024 12:51:49.191 [[32minfo[39m]: successfully found clients
24/05/2024 12:51:49.508 [[32minfo[39m]: successfully found clients
24/05/2024 13:34:21.546 [[32minfo[39m]: successfully found clients
24/05/2024 13:34:29.566 [[32minfo[39m]: successfully found clients
24/05/2024 13:34:29.792 [[32minfo[39m]: successfully found clients
24/05/2024 13:34:42.670 [[32minfo[39m]: successfully found clients
24/05/2024 13:34:43.370 [[32minfo[39m]: successfully found clients
24/05/2024 13:34:43.974 [[32minfo[39m]: successfully found clients
24/05/2024 13:34:45.242 [[32minfo[39m]: successfully found clients
24/05/2024 13:34:45.841 [[32minfo[39m]: successfully found clients
24/05/2024 13:34:46.430 [[32minfo[39m]: successfully found clients
24/05/2024 13:34:47.706 [[32minfo[39m]: successfully found clients
24/05/2024 13:34:48.278 [[32minfo[39m]: successfully found clients
24/05/2024 13:34:52.089 [[32minfo[39m]: successfully found clients
24/05/2024 13:34:53.441 [[32minfo[39m]: successfully found clients
24/05/2024 13:34:54.036 [[32minfo[39m]: successfully found clients
24/05/2024 13:34:54.719 [[32minfo[39m]: successfully found clients
24/05/2024 13:34:58.396 [[32minfo[39m]: successfully found clients
24/05/2024 13:35:13.193 [[32minfo[39m]: successfully found clients
24/05/2024 13:35:13.774 [[32minfo[39m]: successfully found clients
24/05/2024 13:35:14.466 [[32minfo[39m]: successfully found clients
24/05/2024 13:35:15.070 [[32minfo[39m]: successfully found clients
24/05/2024 13:35:15.671 [[32minfo[39m]: successfully found clients
24/05/2024 13:35:16.385 [[32minfo[39m]: successfully found clients
24/05/2024 13:35:16.859 [[32minfo[39m]: successfully found clients
24/05/2024 13:35:17.430 [[32minfo[39m]: successfully found clients
24/05/2024 13:35:18.127 [[32minfo[39m]: successfully found clients
24/05/2024 13:35:18.762 [[32minfo[39m]: successfully found clients
24/05/2024 13:35:44.149 [[32minfo[39m]: successfully found clients
24/05/2024 13:35:47.701 [[32minfo[39m]: successfully found clients
24/05/2024 13:35:54.156 [[32minfo[39m]: successfully found clients
24/05/2024 13:35:56.555 [[32minfo[39m]: successfully found clients
24/05/2024 13:36:55.411 [[32minfo[39m]: successfully found clients
24/05/2024 13:36:55.611 [[32minfo[39m]: successfully found clients
24/05/2024 13:36:59.142 [[32minfo[39m]: successfully found clients
24/05/2024 13:36:59.343 [[32minfo[39m]: successfully found clients
24/05/2024 13:37:02.677 [[32minfo[39m]: successfully found clients
24/05/2024 13:37:02.898 [[32minfo[39m]: successfully found clients
24/05/2024 13:37:06.513 [[32minfo[39m]: successfully found clients
24/05/2024 13:37:06.709 [[32minfo[39m]: successfully found clients
24/05/2024 13:38:58.227 [[32minfo[39m]: successfully found clients
24/05/2024 13:38:58.433 [[32minfo[39m]: successfully found clients
24/05/2024 13:39:00.716 [[32minfo[39m]: successfully found clients
24/05/2024 13:39:00.935 [[32minfo[39m]: successfully found clients
24/05/2024 13:39:07.708 [[32minfo[39m]: successfully found clients
24/05/2024 13:39:07.898 [[32minfo[39m]: successfully found clients
24/05/2024 13:43:02.590 [[32minfo[39m]: successfully found clients
24/05/2024 13:43:22.311 [[32minfo[39m]: successfully found clients
24/05/2024 13:44:24.675 [[32minfo[39m]: successfully found clients
24/05/2024 13:44:33.477 [[32minfo[39m]: successfully found clients
24/05/2024 13:44:39.506 [[32minfo[39m]: successfully found clients
24/05/2024 13:46:46.683 [[32minfo[39m]: successfully found clients
24/05/2024 13:47:05.180 [[32minfo[39m]: successfully found clients
24/05/2024 13:47:17.936 [[32minfo[39m]: successfully found clients
24/05/2024 13:47:24.209 [[32minfo[39m]: successfully found clients
24/05/2024 13:49:11.104 [[32minfo[39m]: successfully found clients
24/05/2024 13:49:33.946 [[32minfo[39m]: successfully found clients
25/05/2024 00:03:09.216 [[32minfo[39m]: successfully found clients
25/05/2024 00:03:09.391 [[32minfo[39m]: successfully found clients
25/05/2024 00:05:42.528 [[32minfo[39m]: successfully found clients
25/05/2024 00:08:34.080 [[32minfo[39m]: successfully found clients
25/05/2024 00:08:46.220 [[32minfo[39m]: successfully found clients
25/05/2024 00:08:46.221 [[32minfo[39m]: successfully found clients
25/05/2024 00:08:50.322 [[32minfo[39m]: successfully found clients
25/05/2024 00:08:52.055 [[32minfo[39m]: successfully found clients
25/05/2024 00:08:52.133 [[32minfo[39m]: successfully found clients
25/05/2024 00:08:52.477 [[32minfo[39m]: successfully found clients
25/05/2024 00:08:52.649 [[32minfo[39m]: successfully found clients
25/05/2024 00:08:52.806 [[32minfo[39m]: successfully found clients
25/05/2024 00:08:52.963 [[32minfo[39m]: successfully found clients
25/05/2024 00:08:53.148 [[32minfo[39m]: successfully found clients
25/05/2024 00:08:53.304 [[32minfo[39m]: successfully found clients
25/05/2024 00:08:53.491 [[32minfo[39m]: successfully found clients
25/05/2024 00:08:54.118 [[32minfo[39m]: successfully found clients
25/05/2024 00:08:54.608 [[32minfo[39m]: successfully found clients
25/05/2024 00:08:54.874 [[32minfo[39m]: successfully found clients
25/05/2024 00:08:55.545 [[32minfo[39m]: successfully found clients
25/05/2024 00:08:55.686 [[32minfo[39m]: successfully found clients
25/05/2024 00:08:55.829 [[32minfo[39m]: successfully found clients
25/05/2024 00:08:55.971 [[32minfo[39m]: successfully found clients
25/05/2024 00:08:56.128 [[32minfo[39m]: successfully found clients
25/05/2024 00:08:56.269 [[32minfo[39m]: successfully found clients
25/05/2024 00:08:56.519 [[32minfo[39m]: successfully found clients
25/05/2024 00:08:56.582 [[32minfo[39m]: successfully found clients
25/05/2024 00:08:56.740 [[32minfo[39m]: successfully found clients
25/05/2024 00:08:56.992 [[32minfo[39m]: successfully found clients
25/05/2024 00:08:57.053 [[32minfo[39m]: successfully found clients
25/05/2024 00:08:57.210 [[32minfo[39m]: successfully found clients
25/05/2024 00:08:57.477 [[32minfo[39m]: successfully found clients
25/05/2024 00:20:51.119 [[32minfo[39m]: successfully found clients
25/05/2024 00:21:02.352 [[32minfo[39m]: successfully found clients
25/05/2024 00:21:14.584 [[32minfo[39m]: successfully found clients
25/05/2024 00:23:02.706 [[32minfo[39m]: successfully found clients
25/05/2024 00:23:02.802 [[32minfo[39m]: successfully found clients
25/05/2024 00:24:28.845 [[32minfo[39m]: successfully found clients
25/05/2024 00:24:28.893 [[32minfo[39m]: successfully found clients
25/05/2024 00:26:21.482 [[32minfo[39m]: successfully found clients
25/05/2024 00:26:31.909 [[32minfo[39m]: successfully found clients
25/05/2024 00:26:36.648 [[32minfo[39m]: successfully found clients
25/05/2024 00:26:36.822 [[32minfo[39m]: successfully found clients
25/05/2024 00:26:41.386 [[32minfo[39m]: successfully found clients
25/05/2024 00:26:44.027 [[32minfo[39m]: successfully found clients
25/05/2024 00:26:44.075 [[32minfo[39m]: successfully found clients
25/05/2024 00:26:51.217 [[32minfo[39m]: successfully found clients
25/05/2024 00:27:06.211 [[32minfo[39m]: successfully found clients
25/05/2024 00:27:39.212 [[32minfo[39m]: successfully found clients
25/05/2024 00:27:39.370 [[32minfo[39m]: successfully found clients
25/05/2024 00:28:04.987 [[32minfo[39m]: successfully found clients
25/05/2024 00:28:05.847 [[32minfo[39m]: successfully found clients
25/05/2024 00:28:05.911 [[32minfo[39m]: successfully found clients
25/05/2024 00:30:01.597 [[32minfo[39m]: successfully found clients
25/05/2024 00:30:01.644 [[32minfo[39m]: successfully found clients
25/05/2024 00:30:25.999 [[31merror[39m]: path: src/controllers/client/findManyClientesController.js message: req is not defined
25/05/2024 00:30:26.009 [[31merror[39m]: path: src/controllers/client/findManyClientesController.js message: req is not defined
25/05/2024 00:30:28.920 [[31merror[39m]: path: src/controllers/client/findManyClientesController.js message: req is not defined
25/05/2024 00:30:28.922 [[31merror[39m]: path: src/controllers/client/findManyClientesController.js message: req is not defined
25/05/2024 00:30:49.005 [[31merror[39m]: path: src/controllers/client/findManyClientesController.js message: req is not defined
25/05/2024 00:30:49.008 [[31merror[39m]: path: src/controllers/client/findManyClientesController.js message: req is not defined
25/05/2024 00:31:03.092 [[31merror[39m]: path: src/controllers/client/findManyClientesController.js message: req is not defined
25/05/2024 00:31:03.095 [[31merror[39m]: path: src/controllers/client/findManyClientesController.js message: req is not defined
25/05/2024 00:31:03.098 [[31merror[39m]: path: src/controllers/client/findManyClientesController.js message: req is not defined
25/05/2024 00:31:03.102 [[31merror[39m]: path: src/controllers/client/findManyClientesController.js message: req is not defined
25/05/2024 00:31:54.254 [[31merror[39m]: path: src/controllers/client/findManyClientesController.js message: req is not defined
25/05/2024 00:32:03.397 [[31merror[39m]: path: src/controllers/client/findManyClientesController.js message: req is not defined
25/05/2024 00:32:04.301 [[31merror[39m]: path: src/controllers/client/findManyClientesController.js message: req is not defined
25/05/2024 00:32:04.934 [[31merror[39m]: path: src/controllers/client/findManyClientesController.js message: req is not defined
25/05/2024 00:33:18.068 [[31merror[39m]: path: src/models/findManyClientes.js message: Promisse is not defined
25/05/2024 00:33:18.076 [[31merror[39m]: path: src/models/findManyClientes.js message: Promisse is not defined
25/05/2024 00:34:31.361 [[31merror[39m]: path: src/models/findManyClientes.js message: Promisse is not defined
25/05/2024 00:34:40.037 [[32minfo[39m]: successfully found clients
25/05/2024 00:34:55.809 [[32minfo[39m]: successfully found clients
25/05/2024 00:34:55.811 [[32minfo[39m]: successfully found clients
25/05/2024 00:35:40.509 [[32minfo[39m]: successfully found clients
25/05/2024 00:35:40.696 [[32minfo[39m]: successfully found clients
25/05/2024 00:35:49.897 [[32minfo[39m]: successfully found clients
25/05/2024 00:35:50.098 [[32minfo[39m]: successfully found clients
25/05/2024 00:36:34.717 [[32minfo[39m]: successfully found clients
25/05/2024 00:36:36.531 [[32minfo[39m]: successfully found clients
25/05/2024 00:36:40.286 [[32minfo[39m]: successfully found clients
25/05/2024 00:36:40.491 [[32minfo[39m]: successfully found clients
25/05/2024 00:37:20.153 [[32minfo[39m]: successfully found clients
25/05/2024 00:37:20.154 [[32minfo[39m]: successfully found clients
25/05/2024 00:37:26.441 [[32minfo[39m]: successfully found clients
25/05/2024 00:37:26.629 [[32minfo[39m]: successfully found clients
25/05/2024 00:37:27.274 [[32minfo[39m]: successfully found clients
25/05/2024 00:37:27.460 [[32minfo[39m]: successfully found clients
25/05/2024 00:38:37.968 [[32minfo[39m]: successfully found clients
25/05/2024 00:38:38.077 [[32minfo[39m]: successfully found clients
25/05/2024 00:38:40.270 [[32minfo[39m]: successfully found clients
25/05/2024 00:38:40.377 [[32minfo[39m]: successfully found clients
25/05/2024 00:39:12.402 [[32minfo[39m]: successfully found clients
25/05/2024 00:39:13.929 [[32minfo[39m]: successfully found clients
25/05/2024 00:41:46.929 [[32minfo[39m]: successfully found clients
25/05/2024 00:41:47.117 [[32minfo[39m]: successfully found clients
25/05/2024 00:41:49.082 [[32minfo[39m]: successfully found clients
25/05/2024 00:41:50.620 [[32minfo[39m]: successfully found clients
25/05/2024 00:41:51.479 [[32minfo[39m]: successfully found clients
25/05/2024 00:41:51.732 [[32minfo[39m]: successfully found clients
25/05/2024 00:41:51.921 [[32minfo[39m]: successfully found clients
25/05/2024 00:41:52.080 [[32minfo[39m]: successfully found clients
25/05/2024 00:41:52.220 [[32minfo[39m]: successfully found clients
25/05/2024 00:41:52.483 [[32minfo[39m]: successfully found clients
25/05/2024 00:41:52.484 [[32minfo[39m]: successfully found clients
25/05/2024 00:41:52.891 [[32minfo[39m]: successfully found clients
25/05/2024 00:41:52.892 [[32minfo[39m]: successfully found clients
25/05/2024 00:41:53.497 [[32minfo[39m]: successfully found clients
25/05/2024 00:41:54.119 [[32minfo[39m]: successfully found clients
25/05/2024 00:41:54.682 [[32minfo[39m]: successfully found clients
25/05/2024 00:41:55.090 [[32minfo[39m]: successfully found clients
25/05/2024 00:41:55.326 [[32minfo[39m]: successfully found clients
25/05/2024 00:41:55.987 [[32minfo[39m]: successfully found clients
25/05/2024 00:41:56.458 [[32minfo[39m]: successfully found clients
25/05/2024 00:41:57.144 [[32minfo[39m]: successfully found clients
25/05/2024 00:41:57.895 [[32minfo[39m]: successfully found clients
25/05/2024 00:43:51.191 [[32minfo[39m]: successfully found clients
25/05/2024 00:43:51.301 [[32minfo[39m]: successfully found clients
25/05/2024 00:43:52.242 [[32minfo[39m]: successfully found clients
25/05/2024 00:43:53.371 [[32minfo[39m]: successfully found clients
25/05/2024 00:44:10.040 [[32minfo[39m]: successfully found clients
25/05/2024 00:44:10.045 [[32minfo[39m]: successfully found clients
25/05/2024 00:44:12.003 [[32minfo[39m]: successfully found clients
25/05/2024 00:44:13.289 [[32minfo[39m]: successfully found clients
25/05/2024 00:44:13.428 [[32minfo[39m]: successfully found clients
25/05/2024 00:44:13.599 [[32minfo[39m]: successfully found clients
25/05/2024 00:44:13.740 [[32minfo[39m]: successfully found clients
25/05/2024 00:44:14.302 [[32minfo[39m]: successfully found clients
25/05/2024 00:44:14.428 [[32minfo[39m]: successfully found clients
25/05/2024 00:44:22.046 [[32minfo[39m]: successfully found clients
25/05/2024 00:46:07.066 [[32minfo[39m]: successfully found clients
25/05/2024 00:46:07.071 [[32minfo[39m]: successfully found clients
25/05/2024 00:46:07.667 [[32minfo[39m]: successfully found clients
25/05/2024 00:46:07.855 [[32minfo[39m]: successfully found clients
25/05/2024 00:46:08.323 [[32minfo[39m]: successfully found clients
25/05/2024 00:46:08.324 [[32minfo[39m]: successfully found clients
25/05/2024 00:46:09.539 [[32minfo[39m]: successfully found clients
25/05/2024 00:46:10.802 [[32minfo[39m]: successfully found clients
25/05/2024 00:46:29.290 [[32minfo[39m]: successfully found clients
25/05/2024 00:46:32.832 [[32minfo[39m]: successfully found clients
25/05/2024 00:46:55.175 [[32minfo[39m]: successfully found clients
25/05/2024 00:46:55.270 [[32minfo[39m]: successfully found clients
25/05/2024 00:47:24.321 [[32minfo[39m]: successfully found clients
25/05/2024 00:47:25.106 [[32minfo[39m]: successfully found clients
25/05/2024 00:47:26.183 [[32minfo[39m]: successfully found clients
25/05/2024 00:47:57.501 [[32minfo[39m]: successfully found clients
25/05/2024 00:48:01.535 [[32minfo[39m]: successfully found clients
25/05/2024 00:48:02.552 [[32minfo[39m]: successfully found clients
25/05/2024 00:50:19.040 [[32minfo[39m]: successfully found clients
25/05/2024 00:50:19.338 [[32minfo[39m]: successfully found clients
25/05/2024 00:50:20.706 [[32minfo[39m]: successfully found clients
25/05/2024 00:50:21.848 [[32minfo[39m]: successfully found clients
25/05/2024 00:50:22.255 [[32minfo[39m]: successfully found clients
25/05/2024 00:50:22.737 [[32minfo[39m]: successfully found clients
25/05/2024 00:50:22.738 [[32minfo[39m]: successfully found clients
25/05/2024 00:50:22.926 [[32minfo[39m]: successfully found clients
25/05/2024 00:50:23.975 [[32minfo[39m]: successfully found clients
25/05/2024 00:50:24.240 [[32minfo[39m]: successfully found clients
25/05/2024 00:50:24.241 [[32minfo[39m]: successfully found clients
25/05/2024 00:50:24.554 [[32minfo[39m]: successfully found clients
25/05/2024 00:50:24.805 [[32minfo[39m]: successfully found clients
25/05/2024 00:50:24.979 [[32minfo[39m]: successfully found clients
25/05/2024 00:50:27.411 [[32minfo[39m]: successfully found clients
25/05/2024 00:50:28.096 [[32minfo[39m]: successfully found clients
25/05/2024 00:50:42.703 [[32minfo[39m]: successfully found clients
25/05/2024 00:51:18.168 [[32minfo[39m]: successfully found clients
25/05/2024 00:51:18.169 [[32minfo[39m]: successfully found clients
25/05/2024 00:51:27.696 [[32minfo[39m]: successfully found clients
25/05/2024 00:51:40.254 [[32minfo[39m]: successfully found clients
25/05/2024 00:53:14.712 [[32minfo[39m]: successfully found clients
25/05/2024 00:53:14.901 [[32minfo[39m]: successfully found clients
25/05/2024 00:53:16.969 [[32minfo[39m]: successfully found clients
25/05/2024 00:53:17.062 [[32minfo[39m]: successfully found clients
25/05/2024 00:53:19.775 [[32minfo[39m]: successfully found clients
25/05/2024 00:53:21.009 [[32minfo[39m]: successfully found clients
25/05/2024 00:53:21.666 [[32minfo[39m]: successfully found clients
25/05/2024 00:53:22.480 [[32minfo[39m]: successfully found clients
25/05/2024 00:55:13.208 [[32minfo[39m]: successfully found clients
25/05/2024 00:55:14.544 [[32minfo[39m]: successfully found clients
25/05/2024 00:55:16.812 [[32minfo[39m]: successfully found clients
25/05/2024 00:55:17.017 [[32minfo[39m]: successfully found clients
25/05/2024 00:55:17.156 [[32minfo[39m]: successfully found clients
25/05/2024 00:55:17.411 [[32minfo[39m]: successfully found clients
25/05/2024 00:55:19.393 [[32minfo[39m]: successfully found clients
25/05/2024 00:55:21.265 [[32minfo[39m]: successfully found clients
25/05/2024 00:55:21.451 [[32minfo[39m]: successfully found clients
25/05/2024 00:55:22.488 [[32minfo[39m]: successfully found clients
25/05/2024 00:56:19.376 [[32minfo[39m]: successfully found clients
25/05/2024 00:56:25.523 [[32minfo[39m]: successfully found clients
25/05/2024 00:56:29.341 [[32minfo[39m]: successfully found clients
25/05/2024 00:56:35.057 [[32minfo[39m]: successfully found clients
25/05/2024 00:56:37.698 [[32minfo[39m]: successfully found clients
25/05/2024 00:56:40.042 [[32minfo[39m]: successfully found clients
25/05/2024 00:56:42.804 [[32minfo[39m]: successfully found clients
25/05/2024 00:56:44.634 [[32minfo[39m]: successfully found clients
25/05/2024 00:56:45.995 [[32minfo[39m]: successfully found clients
25/05/2024 00:56:53.955 [[32minfo[39m]: successfully found clients
25/05/2024 00:56:55.562 [[32minfo[39m]: successfully found clients
25/05/2024 00:56:56.734 [[32minfo[39m]: successfully found clients
25/05/2024 00:58:19.919 [[32minfo[39m]: successfully found clients
25/05/2024 00:58:21.618 [[32minfo[39m]: successfully found clients
25/05/2024 00:58:22.843 [[32minfo[39m]: successfully found clients
25/05/2024 00:58:23.017 [[32minfo[39m]: successfully found clients
25/05/2024 00:58:24.797 [[32minfo[39m]: successfully found clients
25/05/2024 00:58:24.875 [[32minfo[39m]: successfully found clients
25/05/2024 00:58:26.418 [[32minfo[39m]: successfully found clients
25/05/2024 00:58:28.955 [[32minfo[39m]: successfully found clients
25/05/2024 00:58:29.095 [[32minfo[39m]: successfully found clients
25/05/2024 00:58:29.577 [[32minfo[39m]: successfully found clients
25/05/2024 00:58:31.091 [[32minfo[39m]: successfully found clients
25/05/2024 00:58:32.461 [[32minfo[39m]: successfully found clients
25/05/2024 00:58:33.662 [[32minfo[39m]: successfully found clients
25/05/2024 00:58:33.663 [[32minfo[39m]: successfully found clients
25/05/2024 00:58:33.882 [[32minfo[39m]: successfully found clients
25/05/2024 00:58:34.036 [[32minfo[39m]: successfully found clients
25/05/2024 00:58:34.176 [[32minfo[39m]: successfully found clients
25/05/2024 00:58:34.521 [[32minfo[39m]: successfully found clients
25/05/2024 00:58:35.055 [[32minfo[39m]: successfully found clients
25/05/2024 00:58:35.288 [[32minfo[39m]: successfully found clients
25/05/2024 00:58:35.556 [[32minfo[39m]: successfully found clients
25/05/2024 00:58:35.791 [[32minfo[39m]: successfully found clients
25/05/2024 00:58:35.994 [[32minfo[39m]: successfully found clients
25/05/2024 00:58:36.132 [[32minfo[39m]: successfully found clients
25/05/2024 00:58:37.789 [[32minfo[39m]: successfully found clients
25/05/2024 00:58:37.790 [[32minfo[39m]: successfully found clients
25/05/2024 00:58:38.179 [[32minfo[39m]: successfully found clients
25/05/2024 00:58:38.180 [[32minfo[39m]: successfully found clients
25/05/2024 00:58:38.533 [[32minfo[39m]: successfully found clients
25/05/2024 00:58:38.534 [[32minfo[39m]: successfully found clients
25/05/2024 00:58:38.602 [[32minfo[39m]: successfully found clients
25/05/2024 00:58:38.759 [[32minfo[39m]: successfully found clients
25/05/2024 00:58:38.917 [[32minfo[39m]: successfully found clients
25/05/2024 00:58:39.494 [[32minfo[39m]: successfully found clients
25/05/2024 00:58:43.124 [[32minfo[39m]: successfully found clients
25/05/2024 00:58:45.310 [[32minfo[39m]: successfully found clients
25/05/2024 00:58:45.623 [[32minfo[39m]: successfully found clients
25/05/2024 00:58:46.770 [[32minfo[39m]: successfully found clients
25/05/2024 00:58:52.436 [[32minfo[39m]: successfully found clients
25/05/2024 00:59:21.217 [[32minfo[39m]: successfully found clients
25/05/2024 00:59:22.758 [[32minfo[39m]: successfully found clients
25/05/2024 00:59:23.431 [[32minfo[39m]: successfully found clients
25/05/2024 00:59:24.028 [[32minfo[39m]: successfully found clients
25/05/2024 00:59:24.029 [[32minfo[39m]: successfully found clients
25/05/2024 00:59:24.722 [[32minfo[39m]: successfully found clients
25/05/2024 00:59:25.834 [[32minfo[39m]: successfully found clients
25/05/2024 00:59:26.413 [[32minfo[39m]: successfully found clients
25/05/2024 00:59:27.083 [[32minfo[39m]: successfully found clients
25/05/2024 00:59:27.691 [[32minfo[39m]: successfully found clients
25/05/2024 00:59:28.221 [[32minfo[39m]: successfully found clients
25/05/2024 00:59:29.006 [[32minfo[39m]: successfully found clients
25/05/2024 00:59:29.271 [[32minfo[39m]: successfully found clients
25/05/2024 00:59:29.830 [[32minfo[39m]: successfully found clients
25/05/2024 00:59:30.503 [[32minfo[39m]: successfully found clients
25/05/2024 00:59:31.078 [[32minfo[39m]: successfully found clients
25/05/2024 00:59:31.638 [[32minfo[39m]: successfully found clients
25/05/2024 00:59:32.260 [[32minfo[39m]: successfully found clients
25/05/2024 00:59:32.823 [[32minfo[39m]: successfully found clients
25/05/2024 00:59:33.180 [[32minfo[39m]: successfully found clients
25/05/2024 00:59:33.691 [[32minfo[39m]: successfully found clients
25/05/2024 00:59:34.126 [[32minfo[39m]: successfully found clients
25/05/2024 00:59:34.607 [[32minfo[39m]: successfully found clients
25/05/2024 00:59:35.155 [[32minfo[39m]: successfully found clients
25/05/2024 00:59:35.608 [[32minfo[39m]: successfully found clients
25/05/2024 01:02:16.826 [[32minfo[39m]: successfully found clients
25/05/2024 01:02:16.831 [[32minfo[39m]: successfully found clients
25/05/2024 01:02:17.542 [[32minfo[39m]: successfully found clients
25/05/2024 01:02:17.544 [[32minfo[39m]: successfully found clients
25/05/2024 01:02:18.791 [[32minfo[39m]: successfully found clients
25/05/2024 01:02:20.199 [[32minfo[39m]: successfully found clients
25/05/2024 01:02:20.200 [[32minfo[39m]: successfully found clients
25/05/2024 01:02:21.046 [[32minfo[39m]: successfully found clients
25/05/2024 01:02:21.047 [[32minfo[39m]: successfully found clients
25/05/2024 01:02:21.787 [[32minfo[39m]: successfully found clients
25/05/2024 01:02:21.788 [[32minfo[39m]: successfully found clients
25/05/2024 01:02:23.166 [[32minfo[39m]: successfully found clients
25/05/2024 01:02:24.338 [[32minfo[39m]: successfully found clients
25/05/2024 01:02:25.448 [[32minfo[39m]: successfully found clients
25/05/2024 01:02:26.307 [[32minfo[39m]: successfully found clients
25/05/2024 01:02:27.180 [[32minfo[39m]: successfully found clients
25/05/2024 01:02:27.835 [[32minfo[39m]: successfully found clients
25/05/2024 01:02:28.496 [[32minfo[39m]: successfully found clients
25/05/2024 01:02:29.122 [[32minfo[39m]: successfully found clients
25/05/2024 01:02:29.683 [[32minfo[39m]: successfully found clients
25/05/2024 01:02:30.294 [[32minfo[39m]: successfully found clients
25/05/2024 01:02:30.824 [[32minfo[39m]: successfully found clients
25/05/2024 01:02:31.262 [[32minfo[39m]: successfully found clients
25/05/2024 01:02:31.698 [[32minfo[39m]: successfully found clients
25/05/2024 01:02:32.025 [[32minfo[39m]: successfully found clients
25/05/2024 01:02:32.292 [[32minfo[39m]: successfully found clients
25/05/2024 01:02:32.559 [[32minfo[39m]: successfully found clients
25/05/2024 01:02:32.765 [[32minfo[39m]: successfully found clients
25/05/2024 01:02:32.766 [[32minfo[39m]: successfully found clients
25/05/2024 01:02:33.076 [[32minfo[39m]: successfully found clients
25/05/2024 01:02:33.077 [[32minfo[39m]: successfully found clients
25/05/2024 01:02:33.370 [[32minfo[39m]: successfully found clients
25/05/2024 01:02:33.371 [[32minfo[39m]: successfully found clients
25/05/2024 01:02:33.731 [[32minfo[39m]: successfully found clients
25/05/2024 01:02:34.071 [[32minfo[39m]: successfully found clients
25/05/2024 01:02:34.212 [[32minfo[39m]: successfully found clients
25/05/2024 01:02:34.370 [[32minfo[39m]: successfully found clients
25/05/2024 01:02:34.543 [[32minfo[39m]: successfully found clients
25/05/2024 01:02:34.817 [[32minfo[39m]: successfully found clients
25/05/2024 01:02:34.819 [[32minfo[39m]: successfully found clients
25/05/2024 01:02:35.108 [[32minfo[39m]: successfully found clients
25/05/2024 01:02:35.311 [[32minfo[39m]: successfully found clients
25/05/2024 01:02:35.451 [[32minfo[39m]: successfully found clients
25/05/2024 01:02:35.763 [[32minfo[39m]: successfully found clients
25/05/2024 01:02:36.043 [[32minfo[39m]: successfully found clients
25/05/2024 01:02:36.216 [[32minfo[39m]: successfully found clients
25/05/2024 01:02:36.387 [[32minfo[39m]: successfully found clients
25/05/2024 01:02:36.558 [[32minfo[39m]: successfully found clients
25/05/2024 01:02:36.730 [[32minfo[39m]: successfully found clients
25/05/2024 01:02:36.997 [[32minfo[39m]: successfully found clients
25/05/2024 01:02:37.576 [[32minfo[39m]: successfully found clients
25/05/2024 01:02:38.058 [[32minfo[39m]: successfully found clients
25/05/2024 01:02:38.417 [[32minfo[39m]: successfully found clients
25/05/2024 01:02:38.900 [[32minfo[39m]: successfully found clients
25/05/2024 01:02:39.384 [[32minfo[39m]: successfully found clients
25/05/2024 01:02:39.713 [[32minfo[39m]: successfully found clients
25/05/2024 01:02:40.151 [[32minfo[39m]: successfully found clients
25/05/2024 01:02:40.600 [[32minfo[39m]: successfully found clients
25/05/2024 01:02:40.868 [[32minfo[39m]: successfully found clients
25/05/2024 01:02:41.242 [[32minfo[39m]: successfully found clients
25/05/2024 01:02:41.399 [[32minfo[39m]: successfully found clients
25/05/2024 01:02:41.681 [[32minfo[39m]: successfully found clients
25/05/2024 01:02:41.946 [[32minfo[39m]: successfully found clients
25/05/2024 01:02:42.307 [[32minfo[39m]: successfully found clients
25/05/2024 01:02:42.445 [[32minfo[39m]: successfully found clients
25/05/2024 01:02:42.774 [[32minfo[39m]: successfully found clients
25/05/2024 01:02:42.945 [[32minfo[39m]: successfully found clients
25/05/2024 01:02:43.260 [[32minfo[39m]: successfully found clients
25/05/2024 01:02:43.654 [[32minfo[39m]: successfully found clients
25/05/2024 01:02:44.264 [[32minfo[39m]: successfully found clients
25/05/2024 01:02:44.587 [[32minfo[39m]: successfully found clients
25/05/2024 01:02:44.922 [[32minfo[39m]: successfully found clients
25/05/2024 01:02:45.253 [[32minfo[39m]: successfully found clients
25/05/2024 01:02:45.490 [[32minfo[39m]: successfully found clients
25/05/2024 01:02:45.852 [[32minfo[39m]: successfully found clients
25/05/2024 01:02:46.246 [[32minfo[39m]: successfully found clients
25/05/2024 01:02:46.685 [[32minfo[39m]: successfully found clients
25/05/2024 01:02:47.028 [[32minfo[39m]: successfully found clients
25/05/2024 01:02:47.264 [[32minfo[39m]: successfully found clients
25/05/2024 01:02:47.717 [[32minfo[39m]: successfully found clients
25/05/2024 01:02:47.905 [[32minfo[39m]: successfully found clients
25/05/2024 01:02:48.079 [[32minfo[39m]: successfully found clients
25/05/2024 01:02:48.563 [[32minfo[39m]: successfully found clients
25/05/2024 01:02:48.735 [[32minfo[39m]: successfully found clients
25/05/2024 01:02:48.907 [[32minfo[39m]: successfully found clients
25/05/2024 01:02:49.077 [[32minfo[39m]: successfully found clients
25/05/2024 01:02:49.640 [[32minfo[39m]: successfully found clients
25/05/2024 01:02:49.873 [[32minfo[39m]: successfully found clients
25/05/2024 01:02:50.930 [[32minfo[39m]: successfully found clients
25/05/2024 13:52:01.278 [[32minfo[39m]: successfully found clients
25/05/2024 13:52:01.285 [[32minfo[39m]: successfully found clients
25/05/2024 13:54:40.422 [[32minfo[39m]: successfully found clients
25/05/2024 13:54:40.924 [[32minfo[39m]: successfully found clients
25/05/2024 13:54:41.376 [[32minfo[39m]: successfully found clients
25/05/2024 13:54:42.020 [[32minfo[39m]: successfully found clients
25/05/2024 13:54:43.191 [[32minfo[39m]: successfully found clients
25/05/2024 13:54:43.737 [[32minfo[39m]: successfully found clients
25/05/2024 13:54:44.395 [[32minfo[39m]: successfully found clients
25/05/2024 13:54:44.742 [[32minfo[39m]: successfully found clients
25/05/2024 13:54:59.863 [[32minfo[39m]: successfully found clients
25/05/2024 13:55:00.758 [[32minfo[39m]: successfully found clients
25/05/2024 13:55:28.511 [[32minfo[39m]: successfully found clients
25/05/2024 13:55:29.087 [[32minfo[39m]: successfully found clients
25/05/2024 13:55:30.394 [[32minfo[39m]: successfully found clients
25/05/2024 13:55:31.378 [[32minfo[39m]: successfully found clients
25/05/2024 13:55:31.911 [[32minfo[39m]: successfully found clients
25/05/2024 13:55:32.962 [[32minfo[39m]: successfully found clients
25/05/2024 13:55:34.168 [[32minfo[39m]: successfully found clients
25/05/2024 13:55:34.169 [[32minfo[39m]: successfully found clients
25/05/2024 13:55:37.604 [[32minfo[39m]: successfully found clients
25/05/2024 13:55:37.605 [[32minfo[39m]: successfully found clients
25/05/2024 14:02:55.431 [[32minfo[39m]: successfully found clients
25/05/2024 14:02:55.950 [[32minfo[39m]: successfully found clients
25/05/2024 14:02:56.670 [[32minfo[39m]: successfully found clients
25/05/2024 14:02:57.451 [[32minfo[39m]: successfully found clients
25/05/2024 14:02:57.839 [[32minfo[39m]: successfully found clients
25/05/2024 14:02:57.840 [[32minfo[39m]: successfully found clients
25/05/2024 14:02:58.626 [[32minfo[39m]: successfully found clients
25/05/2024 14:02:59.127 [[32minfo[39m]: successfully found clients
25/05/2024 14:02:59.565 [[32minfo[39m]: successfully found clients
25/05/2024 14:02:59.705 [[32minfo[39m]: successfully found clients
25/05/2024 14:03:00.443 [[32minfo[39m]: successfully found clients
25/05/2024 14:03:01.022 [[32minfo[39m]: successfully found clients
25/05/2024 14:03:01.543 [[32minfo[39m]: successfully found clients
25/05/2024 14:03:02.059 [[32minfo[39m]: successfully found clients
25/05/2024 14:03:02.879 [[32minfo[39m]: successfully found clients
25/05/2024 14:03:03.675 [[32minfo[39m]: successfully found clients
25/05/2024 14:03:03.976 [[32minfo[39m]: successfully found clients
25/05/2024 14:03:04.210 [[32minfo[39m]: successfully found clients
25/05/2024 14:03:04.492 [[32minfo[39m]: successfully found clients
25/05/2024 14:03:04.897 [[32minfo[39m]: successfully found clients
25/05/2024 14:03:05.306 [[32minfo[39m]: successfully found clients
25/05/2024 14:03:05.651 [[32minfo[39m]: successfully found clients
25/05/2024 14:14:02.750 [[32minfo[39m]: successfully found clients
25/05/2024 14:14:04.652 [[32minfo[39m]: successfully found clients
25/05/2024 14:14:57.181 [[32minfo[39m]: successfully found clients
25/05/2024 14:14:57.187 [[32minfo[39m]: successfully found clients
25/05/2024 14:14:59.516 [[32minfo[39m]: successfully found clients
25/05/2024 14:14:59.823 [[32minfo[39m]: successfully found clients
25/05/2024 14:14:59.826 [[32minfo[39m]: successfully found clients
25/05/2024 14:15:00.012 [[32minfo[39m]: successfully found clients
25/05/2024 14:15:00.014 [[32minfo[39m]: successfully found clients
25/05/2024 14:15:00.124 [[32minfo[39m]: successfully found clients
25/05/2024 14:15:03.645 [[32minfo[39m]: successfully found clients
25/05/2024 14:15:03.772 [[32minfo[39m]: successfully found clients
25/05/2024 14:15:03.913 [[32minfo[39m]: successfully found clients
25/05/2024 14:15:04.055 [[32minfo[39m]: successfully found clients
25/05/2024 14:15:04.197 [[32minfo[39m]: successfully found clients
25/05/2024 14:15:04.733 [[32minfo[39m]: successfully found clients
25/05/2024 14:15:05.172 [[32minfo[39m]: successfully found clients
25/05/2024 14:15:05.251 [[32minfo[39m]: successfully found clients
25/05/2024 14:15:05.441 [[32minfo[39m]: successfully found clients
25/05/2024 14:15:05.629 [[32minfo[39m]: successfully found clients
25/05/2024 14:15:06.414 [[32minfo[39m]: successfully found clients
25/05/2024 14:17:10.686 [[32minfo[39m]: successfully found clients
25/05/2024 14:17:18.624 [[32minfo[39m]: successfully found clients
25/05/2024 14:17:18.704 [[32minfo[39m]: successfully found clients
25/05/2024 14:17:20.980 [[32minfo[39m]: successfully found clients
25/05/2024 14:17:20.981 [[32minfo[39m]: successfully found clients
25/05/2024 14:17:20.982 [[32minfo[39m]: successfully found clients
25/05/2024 14:17:21.150 [[32minfo[39m]: successfully found clients
25/05/2024 14:17:21.276 [[32minfo[39m]: successfully found clients
25/05/2024 14:17:21.278 [[32minfo[39m]: successfully found clients
25/05/2024 14:17:21.435 [[32minfo[39m]: successfully found clients
25/05/2024 14:17:21.774 [[32minfo[39m]: successfully found clients
25/05/2024 14:17:21.776 [[32minfo[39m]: successfully found clients
25/05/2024 14:17:21.778 [[32minfo[39m]: successfully found clients
25/05/2024 14:17:21.981 [[32minfo[39m]: successfully found clients
25/05/2024 14:17:21.983 [[32minfo[39m]: successfully found clients
25/05/2024 14:17:21.984 [[32minfo[39m]: successfully found clients
25/05/2024 14:17:22.076 [[32minfo[39m]: successfully found clients
25/05/2024 14:17:22.314 [[32minfo[39m]: successfully found clients
25/05/2024 14:17:22.315 [[32minfo[39m]: successfully found clients
25/05/2024 14:17:22.316 [[32minfo[39m]: successfully found clients
25/05/2024 14:17:23.317 [[32minfo[39m]: successfully found clients
25/05/2024 14:17:23.391 [[32minfo[39m]: successfully found clients
25/05/2024 14:17:23.684 [[32minfo[39m]: successfully found clients
25/05/2024 14:17:23.686 [[32minfo[39m]: successfully found clients
25/05/2024 14:17:23.687 [[32minfo[39m]: successfully found clients
25/05/2024 14:17:23.898 [[32minfo[39m]: successfully found clients
25/05/2024 14:17:23.899 [[32minfo[39m]: successfully found clients
25/05/2024 14:17:23.900 [[32minfo[39m]: successfully found clients
25/05/2024 14:17:23.902 [[32minfo[39m]: successfully found clients
25/05/2024 14:17:24.659 [[32minfo[39m]: successfully found clients
25/05/2024 14:17:24.739 [[32minfo[39m]: successfully found clients
25/05/2024 14:17:24.973 [[32minfo[39m]: successfully found clients
25/05/2024 14:17:24.974 [[32minfo[39m]: successfully found clients
25/05/2024 14:17:25.081 [[32minfo[39m]: successfully found clients
25/05/2024 14:17:25.082 [[32minfo[39m]: successfully found clients
25/05/2024 14:17:25.083 [[32minfo[39m]: successfully found clients
25/05/2024 14:17:25.085 [[32minfo[39m]: successfully found clients
25/05/2024 14:17:25.181 [[32minfo[39m]: successfully found clients
25/05/2024 14:17:25.182 [[32minfo[39m]: successfully found clients
25/05/2024 14:17:25.472 [[32minfo[39m]: successfully found clients
25/05/2024 14:17:25.473 [[32minfo[39m]: successfully found clients
25/05/2024 14:17:25.474 [[32minfo[39m]: successfully found clients
25/05/2024 14:17:25.476 [[32minfo[39m]: successfully found clients
25/05/2024 21:43:31.746 [[32minfo[39m]: successfully found clients
25/05/2024 21:43:31.753 [[32minfo[39m]: successfully found clients
25/05/2024 21:45:21.628 [[32minfo[39m]: successfully found clients
25/05/2024 21:45:21.816 [[32minfo[39m]: successfully found clients
25/05/2024 21:45:22.878 [[32minfo[39m]: successfully found clients
25/05/2024 21:45:22.879 [[32minfo[39m]: successfully found clients
25/05/2024 21:45:23.710 [[32minfo[39m]: successfully found clients
25/05/2024 21:45:23.712 [[32minfo[39m]: successfully found clients
25/05/2024 21:45:24.580 [[32minfo[39m]: successfully found clients
25/05/2024 21:45:24.582 [[32minfo[39m]: successfully found clients
25/05/2024 21:45:32.772 [[32minfo[39m]: successfully found clients
25/05/2024 21:45:39.838 [[32minfo[39m]: successfully found clients
25/05/2024 21:45:40.246 [[32minfo[39m]: successfully found clients
25/05/2024 21:45:40.497 [[32minfo[39m]: successfully found clients
25/05/2024 21:45:40.934 [[32minfo[39m]: successfully found clients
25/05/2024 21:45:42.221 [[32minfo[39m]: successfully found clients
25/05/2024 21:45:43.103 [[32minfo[39m]: successfully found clients
25/05/2024 21:45:43.260 [[32minfo[39m]: successfully found clients
25/05/2024 21:45:43.528 [[32minfo[39m]: successfully found clients
25/05/2024 21:45:43.529 [[32minfo[39m]: successfully found clients
25/05/2024 21:45:43.887 [[32minfo[39m]: successfully found clients
25/05/2024 21:45:44.159 [[32minfo[39m]: successfully found clients
25/05/2024 21:45:44.160 [[32minfo[39m]: successfully found clients
25/05/2024 21:45:44.449 [[32minfo[39m]: successfully found clients
25/05/2024 21:45:44.939 [[32minfo[39m]: successfully found clients
25/05/2024 21:45:46.193 [[32minfo[39m]: successfully found clients
25/05/2024 21:45:46.792 [[32minfo[39m]: successfully found clients
25/05/2024 21:45:47.045 [[32minfo[39m]: successfully found clients
25/05/2024 21:45:47.046 [[32minfo[39m]: successfully found clients
25/05/2024 21:45:47.218 [[32minfo[39m]: successfully found clients
25/05/2024 21:45:47.359 [[32minfo[39m]: successfully found clients
25/05/2024 21:45:47.748 [[32minfo[39m]: successfully found clients
25/05/2024 21:45:48.894 [[32minfo[39m]: successfully found clients
25/05/2024 21:45:49.162 [[32minfo[39m]: successfully found clients
25/05/2024 21:45:49.491 [[32minfo[39m]: successfully found clients
25/05/2024 21:45:49.865 [[32minfo[39m]: successfully found clients
25/05/2024 21:45:50.287 [[32minfo[39m]: successfully found clients
25/05/2024 21:45:51.180 [[32minfo[39m]: successfully found clients
25/05/2024 21:45:51.716 [[32minfo[39m]: successfully found clients
25/05/2024 21:45:52.607 [[32minfo[39m]: successfully found clients
25/05/2024 21:45:52.857 [[32minfo[39m]: successfully found clients
25/05/2024 21:45:54.107 [[32minfo[39m]: successfully found clients
25/05/2024 21:46:05.447 [[32minfo[39m]: successfully found clients
25/05/2024 21:46:05.448 [[32minfo[39m]: successfully found clients
25/05/2024 21:46:05.685 [[32minfo[39m]: successfully found clients
25/05/2024 21:46:05.686 [[32minfo[39m]: successfully found clients
25/05/2024 21:46:05.796 [[32minfo[39m]: successfully found clients
25/05/2024 21:46:05.797 [[32minfo[39m]: successfully found clients
25/05/2024 21:46:06.039 [[32minfo[39m]: successfully found clients
25/05/2024 21:46:06.040 [[32minfo[39m]: successfully found clients
25/05/2024 21:46:06.123 [[32minfo[39m]: successfully found clients
25/05/2024 21:46:06.861 [[32minfo[39m]: successfully found clients
25/05/2024 21:46:07.219 [[32minfo[39m]: successfully found clients
25/05/2024 21:46:07.594 [[32minfo[39m]: successfully found clients
25/05/2024 21:46:07.597 [[32minfo[39m]: successfully found clients
25/05/2024 21:46:07.598 [[32minfo[39m]: successfully found clients
25/05/2024 21:46:07.600 [[32minfo[39m]: successfully found clients
25/05/2024 21:46:07.802 [[32minfo[39m]: successfully found clients
25/05/2024 21:46:07.807 [[32minfo[39m]: successfully found clients
25/05/2024 21:46:07.809 [[32minfo[39m]: successfully found clients
25/05/2024 21:46:07.812 [[32minfo[39m]: successfully found clients
25/05/2024 21:46:07.814 [[32minfo[39m]: successfully found clients
25/05/2024 21:46:07.815 [[32minfo[39m]: successfully found clients
25/05/2024 21:46:07.817 [[32minfo[39m]: successfully found clients
25/05/2024 21:46:08.070 [[32minfo[39m]: successfully found clients
25/05/2024 21:46:08.072 [[32minfo[39m]: successfully found clients
25/05/2024 21:46:08.073 [[32minfo[39m]: successfully found clients
25/05/2024 21:46:08.075 [[32minfo[39m]: successfully found clients
25/05/2024 21:46:08.076 [[32minfo[39m]: successfully found clients
25/05/2024 21:46:08.077 [[32minfo[39m]: successfully found clients
25/05/2024 21:46:08.078 [[32minfo[39m]: successfully found clients
25/05/2024 21:46:08.080 [[32minfo[39m]: successfully found clients
25/05/2024 21:46:08.081 [[32minfo[39m]: successfully found clients
25/05/2024 21:46:08.168 [[32minfo[39m]: successfully found clients
25/05/2024 21:46:10.121 [[32minfo[39m]: successfully found clients
25/05/2024 21:46:11.424 [[32minfo[39m]: successfully found clients
25/05/2024 21:46:11.610 [[32minfo[39m]: successfully found clients
25/05/2024 21:46:11.611 [[32minfo[39m]: successfully found clients
25/05/2024 21:46:11.713 [[32minfo[39m]: successfully found clients
25/05/2024 21:46:11.715 [[32minfo[39m]: successfully found clients
25/05/2024 21:46:11.716 [[32minfo[39m]: successfully found clients
25/05/2024 21:46:11.717 [[32minfo[39m]: successfully found clients
25/05/2024 21:46:11.927 [[32minfo[39m]: successfully found clients
25/05/2024 21:46:11.929 [[32minfo[39m]: successfully found clients
25/05/2024 21:46:11.931 [[32minfo[39m]: successfully found clients
25/05/2024 21:46:11.933 [[32minfo[39m]: successfully found clients
25/05/2024 21:46:27.482 [[32minfo[39m]: successfully found clients
25/05/2024 21:48:27.531 [[32minfo[39m]: successfully found clients
25/05/2024 21:48:55.963 [[32minfo[39m]: successfully found clients
25/05/2024 21:48:56.089 [[32minfo[39m]: successfully found clients
25/05/2024 21:48:56.352 [[32minfo[39m]: successfully found clients
25/05/2024 21:48:56.353 [[32minfo[39m]: successfully found clients
25/05/2024 21:48:56.589 [[32minfo[39m]: successfully found clients
25/05/2024 21:48:56.590 [[32minfo[39m]: successfully found clients
25/05/2024 21:48:56.591 [[32minfo[39m]: successfully found clients
25/05/2024 21:48:56.593 [[32minfo[39m]: successfully found clients
25/05/2024 21:48:56.594 [[32minfo[39m]: successfully found clients
25/05/2024 21:48:56.595 [[32minfo[39m]: successfully found clients
25/05/2024 21:48:57.225 [[32minfo[39m]: successfully found clients
25/05/2024 21:53:42.452 [[32minfo[39m]: successfully found clients
25/05/2024 21:53:42.453 [[32minfo[39m]: successfully found clients
25/05/2024 21:53:43.970 [[32minfo[39m]: successfully found clients
25/05/2024 21:53:49.124 [[32minfo[39m]: successfully found clients
25/05/2024 21:53:49.375 [[32minfo[39m]: successfully found clients
25/05/2024 21:53:49.376 [[32minfo[39m]: successfully found clients
25/05/2024 21:53:49.454 [[32minfo[39m]: successfully found clients
25/05/2024 21:59:06.900 [[32minfo[39m]: successfully found clients
25/05/2024 21:59:06.907 [[32minfo[39m]: successfully found clients
25/05/2024 21:59:07.736 [[32minfo[39m]: successfully found clients
25/05/2024 21:59:07.738 [[32minfo[39m]: successfully found clients
25/05/2024 21:59:08.242 [[32minfo[39m]: successfully found clients
25/05/2024 21:59:08.245 [[32minfo[39m]: successfully found clients
25/05/2024 21:59:08.572 [[32minfo[39m]: successfully found clients
25/05/2024 21:59:08.573 [[32minfo[39m]: successfully found clients
25/05/2024 21:59:10.806 [[32minfo[39m]: successfully found clients
25/05/2024 21:59:12.554 [[32minfo[39m]: successfully found clients
25/05/2024 21:59:12.556 [[32minfo[39m]: successfully found clients
25/05/2024 21:59:13.311 [[32minfo[39m]: successfully found clients
25/05/2024 21:59:13.313 [[32minfo[39m]: successfully found clients
25/05/2024 21:59:14.568 [[32minfo[39m]: successfully found clients
25/05/2024 21:59:14.571 [[32minfo[39m]: successfully found clients
25/05/2024 21:59:14.678 [[32minfo[39m]: successfully found clients
25/05/2024 21:59:15.000 [[32minfo[39m]: successfully found clients
25/05/2024 21:59:15.002 [[32minfo[39m]: successfully found clients
25/05/2024 21:59:15.104 [[32minfo[39m]: successfully found clients
25/05/2024 21:59:16.435 [[32minfo[39m]: successfully found clients
25/05/2024 22:03:04.744 [[32minfo[39m]: successfully found clients
25/05/2024 22:03:04.749 [[32minfo[39m]: successfully found clients
25/05/2024 22:03:05.565 [[32minfo[39m]: successfully found clients
25/05/2024 22:03:05.567 [[32minfo[39m]: successfully found clients
25/05/2024 22:03:06.594 [[32minfo[39m]: successfully found clients
25/05/2024 22:03:06.595 [[32minfo[39m]: successfully found clients
25/05/2024 22:03:06.784 [[32minfo[39m]: successfully found clients
25/05/2024 22:03:06.785 [[32minfo[39m]: successfully found clients
25/05/2024 22:03:06.787 [[32minfo[39m]: successfully found clients
25/05/2024 22:03:06.995 [[32minfo[39m]: successfully found clients
25/05/2024 22:03:07.349 [[32minfo[39m]: successfully found clients
25/05/2024 22:03:07.351 [[32minfo[39m]: successfully found clients
25/05/2024 22:03:07.353 [[32minfo[39m]: successfully found clients
25/05/2024 22:03:10.291 [[32minfo[39m]: successfully found clients
25/05/2024 22:03:18.484 [[32minfo[39m]: successfully found clients
25/05/2024 22:03:18.486 [[32minfo[39m]: successfully found clients
25/05/2024 22:03:27.863 [[32minfo[39m]: successfully found clients
25/05/2024 22:03:33.379 [[32minfo[39m]: successfully found clients
25/05/2024 22:03:42.526 [[32minfo[39m]: successfully found clients
25/05/2024 22:04:57.209 [[32minfo[39m]: successfully found clients
25/05/2024 22:04:57.211 [[32minfo[39m]: successfully found clients
25/05/2024 22:05:26.162 [[32minfo[39m]: successfully found clients
25/05/2024 22:05:26.164 [[32minfo[39m]: successfully found clients
25/05/2024 22:05:32.848 [[32minfo[39m]: successfully found clients
25/05/2024 22:05:49.633 [[32minfo[39m]: successfully found clients
25/05/2024 22:05:50.166 [[32minfo[39m]: successfully found clients
25/05/2024 22:05:50.525 [[32minfo[39m]: successfully found clients
25/05/2024 22:05:50.947 [[32minfo[39m]: successfully found clients
25/05/2024 22:05:51.272 [[32minfo[39m]: successfully found clients
25/05/2024 22:05:51.742 [[32minfo[39m]: successfully found clients
25/05/2024 22:07:16.465 [[32minfo[39m]: successfully found clients
25/05/2024 22:07:28.138 [[32minfo[39m]: successfully found clients
25/05/2024 22:07:28.141 [[32minfo[39m]: successfully found clients
25/05/2024 22:07:28.144 [[32minfo[39m]: successfully found clients
25/05/2024 22:07:28.232 [[32minfo[39m]: successfully found clients
25/05/2024 22:07:28.342 [[32minfo[39m]: successfully found clients
25/05/2024 22:08:06.239 [[32minfo[39m]: successfully found clients
25/05/2024 22:08:06.332 [[32minfo[39m]: successfully found clients
25/05/2024 22:08:06.504 [[32minfo[39m]: successfully found clients
25/05/2024 22:08:06.726 [[32minfo[39m]: successfully found clients
25/05/2024 22:08:06.728 [[32minfo[39m]: successfully found clients
25/05/2024 22:08:06.996 [[32minfo[39m]: successfully found clients
25/05/2024 22:08:06.998 [[32minfo[39m]: successfully found clients
25/05/2024 22:08:06.999 [[32minfo[39m]: successfully found clients
25/05/2024 22:08:07.337 [[32minfo[39m]: successfully found clients
25/05/2024 22:08:07.339 [[32minfo[39m]: successfully found clients
25/05/2024 22:08:18.925 [[32minfo[39m]: successfully found clients
25/05/2024 22:09:46.475 [[32minfo[39m]: successfully found clients
25/05/2024 22:09:49.166 [[32minfo[39m]: successfully found clients
25/05/2024 22:09:49.168 [[32minfo[39m]: successfully found clients
25/05/2024 22:09:49.340 [[32minfo[39m]: successfully found clients
25/05/2024 22:09:49.578 [[32minfo[39m]: successfully found clients
25/05/2024 22:09:52.756 [[32minfo[39m]: successfully found clients
25/05/2024 22:09:52.889 [[32minfo[39m]: successfully found clients
25/05/2024 22:09:52.890 [[32minfo[39m]: successfully found clients
25/05/2024 22:09:52.999 [[32minfo[39m]: successfully found clients
25/05/2024 22:09:53.158 [[32minfo[39m]: successfully found clients
25/05/2024 22:09:53.160 [[32minfo[39m]: successfully found clients
25/05/2024 22:10:10.235 [[32minfo[39m]: successfully found clients
25/05/2024 22:10:11.378 [[32minfo[39m]: successfully found clients
25/05/2024 22:10:11.472 [[32minfo[39m]: successfully found clients
25/05/2024 22:10:11.672 [[32minfo[39m]: successfully found clients
25/05/2024 22:10:11.673 [[32minfo[39m]: successfully found clients
25/05/2024 22:10:12.009 [[32minfo[39m]: successfully found clients
25/05/2024 22:10:12.011 [[32minfo[39m]: successfully found clients
25/05/2024 22:10:12.979 [[32minfo[39m]: successfully found clients
25/05/2024 22:10:13.542 [[32minfo[39m]: successfully found clients
25/05/2024 22:10:13.714 [[32minfo[39m]: successfully found clients
25/05/2024 22:10:14.304 [[32minfo[39m]: successfully found clients
25/05/2024 22:10:14.682 [[32minfo[39m]: successfully found clients
25/05/2024 22:10:15.009 [[32minfo[39m]: successfully found clients
25/05/2024 22:10:15.654 [[32minfo[39m]: successfully found clients
25/05/2024 22:10:15.920 [[32minfo[39m]: successfully found clients
25/05/2024 22:10:16.992 [[32minfo[39m]: successfully found clients
25/05/2024 22:10:17.496 [[32minfo[39m]: successfully found clients
25/05/2024 22:10:17.965 [[32minfo[39m]: successfully found clients
25/05/2024 22:10:17.967 [[32minfo[39m]: successfully found clients
25/05/2024 22:10:17.969 [[32minfo[39m]: successfully found clients
25/05/2024 22:10:19.092 [[32minfo[39m]: successfully found clients
25/05/2024 22:10:19.202 [[32minfo[39m]: successfully found clients
25/05/2024 22:10:19.328 [[32minfo[39m]: successfully found clients
25/05/2024 22:10:19.471 [[32minfo[39m]: successfully found clients
25/05/2024 22:10:19.706 [[32minfo[39m]: successfully found clients
25/05/2024 22:10:19.707 [[32minfo[39m]: successfully found clients
25/05/2024 22:10:19.849 [[32minfo[39m]: successfully found clients
25/05/2024 22:10:19.851 [[32minfo[39m]: successfully found clients
25/05/2024 22:10:20.629 [[32minfo[39m]: successfully found clients
25/05/2024 22:10:20.630 [[32minfo[39m]: successfully found clients
25/05/2024 22:10:21.021 [[32minfo[39m]: successfully found clients
25/05/2024 22:10:21.022 [[32minfo[39m]: successfully found clients
25/05/2024 22:10:21.413 [[32minfo[39m]: successfully found clients
25/05/2024 22:10:21.524 [[32minfo[39m]: successfully found clients
25/05/2024 22:10:21.822 [[32minfo[39m]: successfully found clients
25/05/2024 22:10:22.132 [[32minfo[39m]: successfully found clients
25/05/2024 22:10:22.651 [[32minfo[39m]: successfully found clients
25/05/2024 22:10:22.805 [[32minfo[39m]: successfully found clients
25/05/2024 22:10:26.677 [[32minfo[39m]: successfully found clients
25/05/2024 22:10:26.678 [[32minfo[39m]: successfully found clients
25/05/2024 22:10:27.730 [[32minfo[39m]: successfully found clients
25/05/2024 22:10:27.919 [[32minfo[39m]: successfully found clients
25/05/2024 22:10:54.727 [[32minfo[39m]: successfully found clients
25/05/2024 22:11:35.699 [[32minfo[39m]: successfully found clients
25/05/2024 22:11:39.266 [[32minfo[39m]: successfully found clients
25/05/2024 22:11:39.268 [[32minfo[39m]: successfully found clients
25/05/2024 22:11:40.813 [[32minfo[39m]: successfully found clients
25/05/2024 22:11:41.546 [[32minfo[39m]: successfully found clients
25/05/2024 22:11:41.547 [[32minfo[39m]: successfully found clients
25/05/2024 22:11:41.642 [[32minfo[39m]: successfully found clients
25/05/2024 22:11:41.911 [[32minfo[39m]: successfully found clients
25/05/2024 22:11:41.912 [[32minfo[39m]: successfully found clients
25/05/2024 22:11:41.913 [[32minfo[39m]: successfully found clients
25/05/2024 22:11:42.815 [[32minfo[39m]: successfully found clients
25/05/2024 22:11:42.911 [[32minfo[39m]: successfully found clients
25/05/2024 22:11:43.052 [[32minfo[39m]: successfully found clients
25/05/2024 22:11:43.163 [[32minfo[39m]: successfully found clients
25/05/2024 22:11:43.386 [[32minfo[39m]: successfully found clients
25/05/2024 22:11:43.387 [[32minfo[39m]: successfully found clients
25/05/2024 22:11:46.848 [[32minfo[39m]: successfully found clients
25/05/2024 22:11:47.131 [[32minfo[39m]: successfully found clients
25/05/2024 22:11:47.399 [[32minfo[39m]: successfully found clients
25/05/2024 22:11:47.400 [[32minfo[39m]: successfully found clients
25/05/2024 22:11:48.549 [[32minfo[39m]: successfully found clients
25/05/2024 22:11:48.668 [[32minfo[39m]: successfully found clients
25/05/2024 22:11:48.670 [[32minfo[39m]: successfully found clients
25/05/2024 22:11:48.928 [[32minfo[39m]: successfully found clients
25/05/2024 22:11:48.929 [[32minfo[39m]: successfully found clients
25/05/2024 22:11:50.265 [[32minfo[39m]: successfully found clients
25/05/2024 22:11:50.515 [[32minfo[39m]: successfully found clients
25/05/2024 22:11:50.516 [[32minfo[39m]: successfully found clients
25/05/2024 22:11:50.689 [[32minfo[39m]: successfully found clients
25/05/2024 22:11:50.941 [[32minfo[39m]: successfully found clients
25/05/2024 22:11:50.942 [[32minfo[39m]: successfully found clients
25/05/2024 22:11:51.143 [[32minfo[39m]: successfully found clients
25/05/2024 22:11:51.144 [[32minfo[39m]: successfully found clients
25/05/2024 22:11:51.996 [[32minfo[39m]: successfully found clients
25/05/2024 22:11:51.998 [[32minfo[39m]: successfully found clients
25/05/2024 22:11:52.560 [[32minfo[39m]: successfully found clients
25/05/2024 22:11:53.245 [[32minfo[39m]: successfully found clients
25/05/2024 22:11:53.246 [[32minfo[39m]: successfully found clients
25/05/2024 22:11:53.366 [[32minfo[39m]: successfully found clients
25/05/2024 22:11:53.367 [[32minfo[39m]: successfully found clients
25/05/2024 22:11:58.469 [[32minfo[39m]: successfully found clients
25/05/2024 22:11:59.937 [[32minfo[39m]: successfully found clients
25/05/2024 22:12:06.172 [[32minfo[39m]: successfully found clients
25/05/2024 22:12:11.087 [[32minfo[39m]: successfully found clients
25/05/2024 22:12:11.088 [[32minfo[39m]: successfully found clients
25/05/2024 22:12:26.883 [[32minfo[39m]: successfully found clients
25/05/2024 22:12:26.884 [[32minfo[39m]: successfully found clients
25/05/2024 22:12:26.993 [[32minfo[39m]: successfully found clients
25/05/2024 22:12:26.994 [[32minfo[39m]: successfully found clients
25/05/2024 22:12:27.275 [[32minfo[39m]: successfully found clients
25/05/2024 22:12:32.737 [[32minfo[39m]: successfully found clients
25/05/2024 22:12:33.240 [[32minfo[39m]: successfully found clients
25/05/2024 22:12:33.335 [[32minfo[39m]: successfully found clients
25/05/2024 22:12:33.506 [[32minfo[39m]: successfully found clients
25/05/2024 22:12:33.710 [[32minfo[39m]: successfully found clients
25/05/2024 22:12:33.868 [[32minfo[39m]: successfully found clients
25/05/2024 22:12:34.687 [[32minfo[39m]: successfully found clients
25/05/2024 22:12:34.796 [[32minfo[39m]: successfully found clients
25/05/2024 22:12:34.939 [[32minfo[39m]: successfully found clients
25/05/2024 22:12:38.144 [[32minfo[39m]: successfully found clients
25/05/2024 22:12:38.254 [[32minfo[39m]: successfully found clients
25/05/2024 22:12:40.906 [[32minfo[39m]: successfully found clients
25/05/2024 22:12:55.685 [[32minfo[39m]: successfully found clients
25/05/2024 22:12:57.528 [[32minfo[39m]: successfully found clients
25/05/2024 22:12:57.530 [[32minfo[39m]: successfully found clients
25/05/2024 22:12:57.774 [[32minfo[39m]: successfully found clients
25/05/2024 22:12:57.898 [[32minfo[39m]: successfully found clients
25/05/2024 22:12:58.134 [[32minfo[39m]: successfully found clients
25/05/2024 22:12:58.136 [[32minfo[39m]: successfully found clients
25/05/2024 22:12:59.840 [[32minfo[39m]: successfully found clients
25/05/2024 22:13:00.214 [[32minfo[39m]: successfully found clients
25/05/2024 22:13:00.215 [[32minfo[39m]: successfully found clients
25/05/2024 22:13:00.342 [[32minfo[39m]: successfully found clients
25/05/2024 22:13:00.422 [[32minfo[39m]: successfully found clients
25/05/2024 22:13:00.765 [[32minfo[39m]: successfully found clients
25/05/2024 22:13:00.766 [[32minfo[39m]: successfully found clients
25/05/2024 22:13:00.958 [[32minfo[39m]: successfully found clients
25/05/2024 22:13:01.284 [[32minfo[39m]: successfully found clients
25/05/2024 22:13:01.286 [[32minfo[39m]: successfully found clients
25/05/2024 22:13:01.364 [[32minfo[39m]: successfully found clients
25/05/2024 22:13:01.473 [[32minfo[39m]: successfully found clients
25/05/2024 22:13:01.567 [[32minfo[39m]: successfully found clients
25/05/2024 22:13:01.705 [[32minfo[39m]: successfully found clients
25/05/2024 22:13:01.706 [[32minfo[39m]: successfully found clients
25/05/2024 22:13:01.880 [[32minfo[39m]: successfully found clients
25/05/2024 22:13:02.101 [[32minfo[39m]: successfully found clients
25/05/2024 22:13:03.305 [[32minfo[39m]: successfully found clients
25/05/2024 22:13:03.684 [[32minfo[39m]: successfully found clients
25/05/2024 22:13:03.807 [[32minfo[39m]: successfully found clients
25/05/2024 22:13:03.934 [[32minfo[39m]: successfully found clients
25/05/2024 22:13:04.187 [[32minfo[39m]: successfully found clients
25/05/2024 22:13:04.430 [[32minfo[39m]: successfully found clients
25/05/2024 22:13:04.432 [[32minfo[39m]: successfully found clients
25/05/2024 22:13:04.620 [[32minfo[39m]: successfully found clients
25/05/2024 22:13:04.621 [[32minfo[39m]: successfully found clients
25/05/2024 22:13:04.751 [[32minfo[39m]: successfully found clients
25/05/2024 22:13:04.752 [[32minfo[39m]: successfully found clients
25/05/2024 22:13:04.920 [[32minfo[39m]: successfully found clients
25/05/2024 22:13:04.921 [[32minfo[39m]: successfully found clients
25/05/2024 22:13:06.257 [[32minfo[39m]: successfully found clients
25/05/2024 22:15:19.040 [[32minfo[39m]: successfully found clients
25/05/2024 22:16:18.593 [[32minfo[39m]: successfully found clients
25/05/2024 22:16:26.631 [[32minfo[39m]: successfully found clients
